#
# A fatal error has been detected by the Java Runtime Environment:
#
#  SIGSEGV (0xb) at pc=0x00007fff60437a1d, pid=2257, tid=0x0000000000000307
#
# JRE version: Java(TM) SE Runtime Environment (8.0_201-b09) (build 1.8.0_201-b09)
# Java VM: Java HotSpot(TM) 64-Bit Server VM (25.201-b09 mixed mode bsd-amd64 compressed oops)
# Problematic frame:
# C  [libobjc.A.dylib+0x7a1d]  objc_msgSend+0x1d
#
# Failed to write core dump. Core dumps have been disabled. To enable core dumping, try "ulimit -c unlimited" before starting Java again
#
# If you would like to submit a bug report, please visit:
#   http://bugreport.java.com/bugreport/crash.jsp
# The crash happened outside the Java Virtual Machine in native code.
# See problematic frame for where to report the bug.
#

---------------  T H R E A D  ---------------

Current thread (0x00007fe2a00c2800):  JavaThread "AWT-AppKit" daemon [_thread_in_native, id=775, stack(0x00007ffeee6de000,0x00007ffeeeede000)]

siginfo: si_signo: 11 (SIGSEGV), si_code: 1 (SEGV_MAPERR), si_addr: 0x0000001e00000020

Registers:
RAX=0x00007fe2a16cff60, RBX=0x000000018b3a3450, RCX=0x0000000000000001, RDX=0x0000000000000000
RSP=0x00007ffeeeed9278, RBP=0x00007ffeeeed9330, RSI=0x00007fff3240c7eb, RDI=0x00007fe29ed85330
R8 =0x000000002a120025, R9 =0x00007fe2a1200000, R10=0x0000001e00000008, R11=0x00007fff3240c7eb
R12=0x0000000000000000, R13=0x0000000190076608, R14=0x000000018b3a3440, R15=0x00007fe2a00c2800
RIP=0x00007fff60437a1d, EFLAGS=0x0000000000010202, ERR=0x0000000000000004
  TRAPNO=0x000000000000000e

Top of Stack: (sp=0x00007ffeeeed9278)
0x00007ffeeeed9278:   000000018b3a1157 00007ffeeeed92d0
0x00007ffeeeed9288:   0000000000000003 00007ffeeeed92b0
0x00007ffeeeed9298:   00000001017438f2 0000000190076608
0x00007ffeeeed92a8:   0000000190076608 00007fe2a16cff60
0x00007ffeeeed92b8:   000000018b3a36a0 000000018b3a3710
0x00007ffeeeed92c8:   00007fff8cd07ca8 00007fff8e3fde38
0x00007ffeeeed92d8:   000000018b3a3450 000000018b3a3690
0x00007ffeeeed92e8:   00007fe2a16cff60 00007fe29ed85330
0x00007ffeeeed92f8:   00007fe29ed06230 00007fe2a16cff60
0x00007ffeeeed9308:   00007fe29ed85330 00007ffeeeed93b8
0x00007ffeeeed9318:   00007fe2a00c29f8 0000000190076608
0x00007ffeeeed9328:   00007ffeeeed93e0 00007ffeeeed93a8
0x00007ffeeeed9338:   000000010472b667 0000000190076608
0x00007ffeeeed9348:   00007ffeeeed93e0 00007ffeeeed93a8
0x00007ffeeeed9358:   000000010472b3c7 000000010472b382
0x00007ffeeeed9368:   00007ffeeeed9368 0000000190076608
0x00007ffeeeed9378:   00007ffeeeed93e0 0000000190079240
0x00007ffeeeed9388:   0000000000000000 0000000190076608
0x00007ffeeeed9398:   0000000000000000 00007ffeeeed93c8
0x00007ffeeeed93a8:   00007ffeeeed9428 000000010471b2bd
0x00007ffeeeed93b8:   0000000740124cb0 0000000104724d18
0x00007ffeeeed93c8:   00007fe2a16cff60 00007ffeeeed9428
0x00007ffeeeed93d8:   00007fe29ed85330 0000000104726782
0x00007ffeeeed93e8:   00007ffeeeed93e8 00000001900767d2
0x00007ffeeeed93f8:   00007ffeeeed9450 0000000190079240
0x00007ffeeeed9408:   0000000000000000 00000001900767e0
0x00007ffeeeed9418:   00007ffeeeed93c8 00007ffeeeed9438
0x00007ffeeeed9428:   00007ffeeeed9498 000000010471b2bd
0x00007ffeeeed9438:   00007fe2a16cff60 000000074145cf58
0x00007ffeeeed9448:   00007fe29ed85330 000000074145cf58
0x00007ffeeeed9458:   00007ffeeeed9458 000000019131839e
0x00007ffeeeed9468:   00007ffeeeed94a8 0000000191318458 

Instructions: (pc=0x00007fff60437a1d)
0x00007fff604379fd:   0f 1f 00 48 85 ff 2e 74 62 40 f6 c7 01 2e 75 66
0x00007fff60437a0d:   49 ba f8 ff ff ff ff 7f 00 00 4c 23 17 49 89 f3
0x00007fff60437a1d:   45 23 5a 18 49 c1 e3 04 4d 03 5a 10 49 3b 33 75
0x00007fff60437a2d:   04 41 ff 63 08 49 83 3b 01 76 0d 49 83 c3 10 49 

Register to memory mapping:

RAX=0x00007fe2a16cff60 is an unknown value
RBX=0x000000018b3a3450: Java_jogamp_nativewindow_macosx_OSXUtil_GetScreenRefreshRate0+0x1cf0 in /private/var/folders/m0/6y68n2cs1pvccry5h7q2mtgm0000gn/T/jogamp_0000/file_cache/jln7233548835876937766/jln8365053685584365872/libnativewindow_macosx.jnilib at 0x000000018b39c000
RCX=0x0000000000000001 is an unknown value
RDX=0x0000000000000000 is an unknown value
RSP=0x00007ffeeeed9278 is pointing into the stack for thread: 0x00007fe2a00c2800
RBP=0x00007ffeeeed9330 is pointing into the stack for thread: 0x00007fe2a00c2800
RSI=0x00007fff3240c7eb: GCC_except_table7+0x9eaf in /System/Library/Frameworks/AppKit.framework/Versions/C/AppKit at 0x00007fff317fd000
RDI=0x00007fe29ed85330 is an unknown value
R8 =0x000000002a120025 is an unknown value
R9 =0x00007fe2a1200000 is an unknown value
R10=0x0000001e00000008 is an unknown value
R11=0x00007fff3240c7eb: GCC_except_table7+0x9eaf in /System/Library/Frameworks/AppKit.framework/Versions/C/AppKit at 0x00007fff317fd000
R12=0x0000000000000000 is an unknown value
R13={method} {0x0000000190076608} 'UnsetJAWTRootSurfaceLayer0' '(JJ)V' in 'jogamp/nativewindow/jawt/macosx/MacOSXJAWTWindow'
R14=0x000000018b3a3440: Java_jogamp_nativewindow_macosx_OSXUtil_GetScreenRefreshRate0+0x1ce0 in /private/var/folders/m0/6y68n2cs1pvccry5h7q2mtgm0000gn/T/jogamp_0000/file_cache/jln7233548835876937766/jln8365053685584365872/libnativewindow_macosx.jnilib at 0x000000018b39c000
R15=0x00007fe2a00c2800 is a thread


Stack: [0x00007ffeee6de000,0x00007ffeeeede000],  sp=0x00007ffeeeed9278,  free space=8172k
Native frames: (J=compiled Java code, j=interpreted, Vv=VM code, C=native code)
C  [libobjc.A.dylib+0x7a1d]  objc_msgSend+0x1d
j  jogamp.nativewindow.jawt.macosx.MacOSXJAWTWindow.UnsetJAWTRootSurfaceLayer0(JJ)V+0
j  jogamp.nativewindow.jawt.macosx.MacOSXJAWTWindow.access$200(JJ)V+2
j  jogamp.nativewindow.jawt.macosx.MacOSXJAWTWindow$1.run()V+38
J 2124 C1 com.jogamp.common.util.RunnableTask.run()V (345 bytes) @ 0x0000000104e44d34 [0x0000000104e44ba0+0x194]
v  ~StubRoutines::call_stub
V  [libjvm.dylib+0x2f0bea]
V  [libjvm.dylib+0x327f28]
V  [libjvm.dylib+0x31a70b]
C  [libnativewindow_macosx.jnilib+0x5326]  Java_jogamp_nativewindow_jawt_macosx_MacOSXJAWTWindow_UnsetJAWTRootSurfaceLayer0+0x2b6
C  [Foundation+0xb1bab]  __NSThreadPerformPerform+0x147
C  [CoreFoundation+0x58395]  __CFRUNLOOP_IS_CALLING_OUT_TO_A_SOURCE0_PERFORM_FUNCTION__+0x11
C  [CoreFoundation+0x5833b]  __CFRunLoopDoSource0+0x6c
C  [CoreFoundation+0x3be29]  __CFRunLoopDoSources0+0x11b
C  [CoreFoundation+0x3b37a]  __CFRunLoopRun+0x4c3
C  [CoreFoundation+0x3ac64]  CFRunLoopRunSpecific+0x1cf
C  [HIToolbox+0xaab5]  RunCurrentEventLoopInMode+0x125
C  [HIToolbox+0xa6f4]  ReceiveNextEventCommon+0x173
C  [HIToolbox+0xa568]  _BlockUntilNextEventMatchingListInModeWithFilter+0x40
C  [AppKit+0x1b363]  _DPSNextEvent+0x3e5
C  [AppKit+0x1a102]  -[NSApplication(NSEvent) _nextEventMatchingEventMask:untilDate:inMode:dequeue:]+0x552
C  [libosxapp.dylib+0x2328]  -[NSApplicationAWT nextEventMatchingMask:untilDate:inMode:dequeue:]+0x7c
C  [AppKit+0x14165]  -[NSApplication run]+0x2bb
C  [libosxapp.dylib+0x1f72]  +[NSApplicationAWT runAWTLoopWithApp:]+0x9c
C  [libawt_lwawt.dylib+0x4711f]  -[AWTStarter starter:]+0x389
C  [Foundation+0xb1bab]  __NSThreadPerformPerform+0x147
C  [CoreFoundation+0x58395]  __CFRUNLOOP_IS_CALLING_OUT_TO_A_SOURCE0_PERFORM_FUNCTION__+0x11
C  [CoreFoundation+0x5833b]  __CFRunLoopDoSource0+0x6c
C  [CoreFoundation+0x3bdd1]  __CFRunLoopDoSources0+0xc3
C  [CoreFoundation+0x3b37a]  __CFRunLoopRun+0x4c3
C  [CoreFoundation+0x3ac64]  CFRunLoopRunSpecific+0x1cf
C  [java+0x646e]  CreateExecutionEnvironment+0x367
C  [java+0x203c]  JLI_Launch+0x7a0
C  [java+0x84cb]  main+0x65
C  [java+0x1894]  start+0x34
C  0x0000000000000007

Java frames: (J=compiled Java code, j=interpreted, Vv=VM code)
j  jogamp.nativewindow.jawt.macosx.MacOSXJAWTWindow.UnsetJAWTRootSurfaceLayer0(JJ)V+0
j  jogamp.nativewindow.jawt.macosx.MacOSXJAWTWindow.access$200(JJ)V+2
j  jogamp.nativewindow.jawt.macosx.MacOSXJAWTWindow$1.run()V+38
J 2124 C1 com.jogamp.common.util.RunnableTask.run()V (345 bytes) @ 0x0000000104e44d34 [0x0000000104e44ba0+0x194]
v  ~StubRoutines::call_stub

---------------  P R O C E S S  ---------------

Java Threads: ( => current thread )
  0x00007fe2a0baa000 JavaThread "Thread-116" [_thread_blocked, id=52631, stack(0x0000700006b60000,0x0000700006c60000)]
  0x00007fe29fdfc000 JavaThread "Image Fetcher 2" daemon [_thread_blocked, id=56591, stack(0x0000700007275000,0x0000700007375000)]
  0x00007fe2a0385800 JavaThread "Image Fetcher 1" daemon [_thread_blocked, id=70659, stack(0x0000700007172000,0x0000700007272000)]
  0x00007fe2a0bf1800 JavaThread "Image Fetcher 0" daemon [_thread_blocked, id=56071, stack(0x000070000706f000,0x000070000716f000)]
  0x00007fe2a0bf1000 JavaThread "Keep-Alive-Timer" daemon [_thread_blocked, id=71235, stack(0x0000700006f6c000,0x000070000706c000)]
  0x00007fe2a0252000 JavaThread "AWT-EventQueue-1" [_thread_blocked, id=74527, stack(0x00007000069da000,0x0000700006ada000)]
  0x00007fe2a01a7800 JavaThread "DestroyJavaVM" [_thread_blocked, id=9731, stack(0x000070000530f000,0x000070000540f000)]
  0x00007fe2a09d2800 JavaThread "AWT-EventQueue-0" [_thread_blocked, id=50723, stack(0x0000700006751000,0x0000700006851000)]
  0x00007fe29f0f7000 JavaThread "Java2D Disposer" daemon [_thread_blocked, id=50195, stack(0x00007000064c8000,0x00007000065c8000)]
  0x00007fe2a018d800 JavaThread "Java2D Queue Flusher" daemon [_thread_blocked, id=44371, stack(0x00007000063c5000,0x00007000064c5000)]
  0x00007fe2a00f6000 JavaThread "AWT-Shutdown" [_thread_blocked, id=39207, stack(0x0000700006139000,0x0000700006239000)]
=>0x00007fe2a00c2800 JavaThread "AWT-AppKit" daemon [_thread_in_native, id=775, stack(0x00007ffeee6de000,0x00007ffeeeede000)]
  0x00007fe2a0020800 JavaThread "Service Thread" daemon [_thread_blocked, id=14851, stack(0x0000700005f33000,0x0000700006033000)]
  0x00007fe29f015000 JavaThread "C1 CompilerThread2" daemon [_thread_blocked, id=18435, stack(0x0000700005e30000,0x0000700005f30000)]
  0x00007fe29f014000 JavaThread "C2 CompilerThread1" daemon [_thread_blocked, id=18947, stack(0x0000700005d2d000,0x0000700005e2d000)]
  0x00007fe29f81b000 JavaThread "C2 CompilerThread0" daemon [_thread_blocked, id=19203, stack(0x0000700005c2a000,0x0000700005d2a000)]
  0x00007fe2a0835000 JavaThread "Signal Dispatcher" daemon [_thread_blocked, id=13827, stack(0x0000700005b27000,0x0000700005c27000)]
  0x00007fe2a001e800 JavaThread "Finalizer" daemon [_thread_blocked, id=12291, stack(0x0000700005a24000,0x0000700005b24000)]
  0x00007fe2a0817800 JavaThread "Reference Handler" daemon [_thread_blocked, id=20739, stack(0x0000700005921000,0x0000700005a21000)]

Other Threads:
  0x00007fe2a001d800 VMThread [stack: 0x000070000581e000,0x000070000591e000] [id=11523]
  0x00007fe2a0838000 WatcherThread [stack: 0x0000700006036000,0x0000700006136000] [id=17923]

VM state:not at safepoint (normal execution)

VM Mutex/Monitor currently owned by a thread: None

heap address: 0x0000000740000000, size: 2048 MB, Compressed Oops mode: Zero based, Oop shift amount: 3
Narrow klass base: 0x0000000000000000, Narrow klass shift: 3
Compressed class space size: 1073741824 Address: 0x00000007c0000000

Heap:
 PSYoungGen      total 44032K, used 28033K [0x0000000795580000, 0x0000000799000000, 0x00000007c0000000)
  eden space 30720K, 48% used [0x0000000795580000,0x00000007963e84a0,0x0000000797380000)
  from space 13312K, 99% used [0x0000000798180000,0x0000000798e78330,0x0000000798e80000)
  to   space 14336K, 0% used [0x0000000797380000,0x0000000797380000,0x0000000798180000)
 ParOldGen       total 87552K, used 27045K [0x0000000740000000, 0x0000000745580000, 0x0000000795580000)
  object space 87552K, 30% used [0x0000000740000000,0x0000000741a69760,0x0000000745580000)
 Metaspace       used 19755K, capacity 20167K, committed 20480K, reserved 1067008K
  class space    used 1935K, capacity 2034K, committed 2048K, reserved 1048576K

Card table byte_map: [0x0000000102979000,0x0000000102d7a000] byte_map_base: 0x00000000fef79000

Marking Bits: (ParMarkBitMap*) 0x0000000101efbe40
 Begin Bits: [0x0000000113713000, 0x0000000115713000)
 End Bits:   [0x0000000115713000, 0x0000000117713000)

Polling page: 0x0000000100d91000

CodeCache: size=245760Kb used=7954Kb max_used=7958Kb free=237805Kb
 bounds [0x0000000104713000, 0x0000000104ee3000, 0x0000000113713000]
 total_blobs=3209 nmethods=2307 adapters=815
 compilation: enabled

Compilation events (10 events):
Event: 16.811 Thread 0x00007fe29f015000 nmethod 2549 0x0000000104ec6750 code [0x0000000104ec68c0, 0x0000000104ec6ba8]
Event: 16.811 Thread 0x00007fe29f014000 2550       4       sun.util.logging.PlatformLogger$DefaultLoggerProxy::isLoggable (29 bytes)
Event: 16.811 Thread 0x00007fe29f81b000 nmethod 2546 0x0000000104ede050 code [0x0000000104ede1c0, 0x0000000104ede338]
Event: 16.812 Thread 0x00007fe29f015000 2551       3       java.lang.invoke.LambdaForm::uncustomize (58 bytes)
Event: 16.812 Thread 0x00007fe29f015000 nmethod 2551 0x0000000104eddb90 code [0x0000000104eddd00, 0x0000000104eddfb0]
Event: 16.812 Thread 0x00007fe29f014000 nmethod 2550 0x0000000104ed6890 code [0x0000000104ed69e0, 0x0000000104ed6ad8]
Event: 16.813 Thread 0x00007fe29f015000 2552       3       java.util.concurrent.locks.ReentrantReadWriteLock$Sync::exclusiveCount (5 bytes)
Event: 16.813 Thread 0x00007fe29f015000 nmethod 2552 0x0000000104edd890 code [0x0000000104edd9e0, 0x0000000104eddb10]
Event: 16.815 Thread 0x00007fe29f015000 2553       3       sun.java2d.pipe.RenderQueue::unlock (4 bytes)
Event: 16.815 Thread 0x00007fe29f015000 nmethod 2553 0x0000000104edd210 code [0x0000000104edd3a0, 0x0000000104edd708]

GC Heap History (10 events):
Event: 7.452 GC heap before
{Heap before GC invocations=4 (full 0):
 PSYoungGen      total 38400K, used 38135K [0x0000000795580000, 0x0000000798000000, 0x00000007c0000000)
  eden space 33280K, 99% used [0x0000000795580000,0x00000007975c1168,0x0000000797600000)
  from space 5120K, 99% used [0x0000000797600000,0x0000000797afcca0,0x0000000797b00000)
  to   space 5120K, 0% used [0x0000000797b00000,0x0000000797b00000,0x0000000798000000)
 ParOldGen       total 87552K, used 11626K [0x0000000740000000, 0x0000000745580000, 0x0000000795580000)
  object space 87552K, 13% used [0x0000000740000000,0x0000000740b5aa60,0x0000000745580000)
 Metaspace       used 19284K, capacity 19715K, committed 19968K, reserved 1067008K
  class space    used 1922K, capacity 2032K, committed 2048K, reserved 1048576K
Event: 7.457 GC heap after
Heap after GC invocations=4 (full 0):
 PSYoungGen      total 38400K, used 5088K [0x0000000795580000, 0x0000000798000000, 0x00000007c0000000)
  eden space 33280K, 0% used [0x0000000795580000,0x0000000795580000,0x0000000797600000)
  from space 5120K, 99% used [0x0000000797b00000,0x0000000797ff8120,0x0000000798000000)
  to   space 5120K, 0% used [0x0000000797600000,0x0000000797600000,0x0000000797b00000)
 ParOldGen       total 87552K, used 16267K [0x0000000740000000, 0x0000000745580000, 0x0000000795580000)
  object space 87552K, 18% used [0x0000000740000000,0x0000000740fe2d48,0x0000000745580000)
 Metaspace       used 19284K, capacity 19715K, committed 19968K, reserved 1067008K
  class space    used 1922K, capacity 2032K, committed 2048K, reserved 1048576K
}
Event: 9.268 GC heap before
{Heap before GC invocations=5 (full 0):
 PSYoungGen      total 38400K, used 38368K [0x0000000795580000, 0x0000000798000000, 0x00000007c0000000)
  eden space 33280K, 100% used [0x0000000795580000,0x0000000797600000,0x0000000797600000)
  from space 5120K, 99% used [0x0000000797b00000,0x0000000797ff8120,0x0000000798000000)
  to   space 5120K, 0% used [0x0000000797600000,0x0000000797600000,0x0000000797b00000)
 ParOldGen       total 87552K, used 16267K [0x0000000740000000, 0x0000000745580000, 0x0000000795580000)
  object space 87552K, 18% used [0x0000000740000000,0x0000000740fe2d48,0x0000000745580000)
 Metaspace       used 19450K, capacity 19843K, committed 19968K, reserved 1067008K
  class space    used 1922K, capacity 2032K, committed 2048K, reserved 1048576K
Event: 9.274 GC heap after
Heap after GC invocations=5 (full 0):
 PSYoungGen      total 37888K, used 5088K [0x0000000795580000, 0x0000000798d80000, 0x00000007c0000000)
  eden space 32768K, 0% used [0x0000000795580000,0x0000000795580000,0x0000000797580000)
  from space 5120K, 99% used [0x0000000797600000,0x0000000797af8120,0x0000000797b00000)
  to   space 12288K, 0% used [0x0000000798180000,0x0000000798180000,0x0000000798d80000)
 ParOldGen       total 87552K, used 20699K [0x0000000740000000, 0x0000000745580000, 0x0000000795580000)
  object space 87552K, 23% used [0x0000000740000000,0x0000000741436e58,0x0000000745580000)
 Metaspace       used 19450K, capacity 19843K, committed 19968K, reserved 1067008K
  class space    used 1922K, capacity 2032K, committed 2048K, reserved 1048576K
}
Event: 11.604 GC heap before
{Heap before GC invocations=6 (full 0):
 PSYoungGen      total 37888K, used 37825K [0x0000000795580000, 0x0000000798d80000, 0x00000007c0000000)
  eden space 32768K, 99% used [0x0000000795580000,0x0000000797578660,0x0000000797580000)
  from space 5120K, 99% used [0x0000000797600000,0x0000000797af8120,0x0000000797b00000)
  to   space 12288K, 0% used [0x0000000798180000,0x0000000798180000,0x0000000798d80000)
 ParOldGen       total 87552K, used 20699K [0x0000000740000000, 0x0000000745580000, 0x0000000795580000)
  object space 87552K, 23% used [0x0000000740000000,0x0000000741436e58,0x0000000745580000)
 Metaspace       used 19533K, capacity 19907K, committed 20224K, reserved 1067008K
  class space    used 1922K, capacity 2032K, committed 2048K, reserved 1048576K
Event: 11.612 GC heap after
Heap after GC invocations=6 (full 0):
 PSYoungGen      total 44032K, used 10080K [0x0000000795580000, 0x0000000798d00000, 0x00000007c0000000)
  eden space 32256K, 0% used [0x0000000795580000,0x0000000795580000,0x0000000797500000)
  from space 11776K, 85% used [0x0000000798180000,0x0000000798b58250,0x0000000798d00000)
  to   space 12288K, 0% used [0x0000000797500000,0x0000000797500000,0x0000000798100000)
 ParOldGen       total 87552K, used 20707K [0x0000000740000000, 0x0000000745580000, 0x0000000795580000)
  object space 87552K, 23% used [0x0000000740000000,0x0000000741438e58,0x0000000745580000)
 Metaspace       used 19533K, capacity 19907K, committed 20224K, reserved 1067008K
  class space    used 1922K, capacity 2032K, committed 2048K, reserved 1048576K
}
Event: 12.200 GC heap before
{Heap before GC invocations=7 (full 0):
 PSYoungGen      total 44032K, used 42160K [0x0000000795580000, 0x0000000798d00000, 0x00000007c0000000)
  eden space 32256K, 99% used [0x0000000795580000,0x00000007974d3de0,0x0000000797500000)
  from space 11776K, 85% used [0x0000000798180000,0x0000000798b58250,0x0000000798d00000)
  to   space 12288K, 0% used [0x0000000797500000,0x0000000797500000,0x0000000798100000)
 ParOldGen       total 87552K, used 20707K [0x0000000740000000, 0x0000000745580000, 0x0000000795580000)
  object space 87552K, 23% used [0x0000000740000000,0x0000000741438e58,0x0000000745580000)
 Metaspace       used 19632K, capacity 20035K, committed 20224K, reserved 1067008K
  class space    used 1922K, capacity 2032K, committed 2048K, reserved 1048576K
Event: 12.205 GC heap after
Heap after GC invocations=7 (full 0):
 PSYoungGen      total 44032K, used 12256K [0x0000000795580000, 0x0000000798e80000, 0x00000007c0000000)
  eden space 31744K, 0% used [0x0000000795580000,0x0000000795580000,0x0000000797480000)
  from space 12288K, 99% used [0x0000000797500000,0x00000007980f82f0,0x0000000798100000)
  to   space 13312K, 0% used [0x0000000798180000,0x0000000798180000,0x0000000798e80000)
 ParOldGen       total 87552K, used 23421K [0x0000000740000000, 0x0000000745580000, 0x0000000795580000)
  object space 87552K, 26% used [0x0000000740000000,0x00000007416df680,0x0000000745580000)
 Metaspace       used 19632K, capacity 20035K, committed 20224K, reserved 1067008K
  class space    used 1922K, capacity 2032K, committed 2048K, reserved 1048576K
}
Event: 13.006 GC heap before
{Heap before GC invocations=8 (full 0):
 PSYoungGen      total 44032K, used 43854K [0x0000000795580000, 0x0000000798e80000, 0x00000007c0000000)
  eden space 31744K, 99% used [0x0000000795580000,0x000000079745b5a0,0x0000000797480000)
  from space 12288K, 99% used [0x0000000797500000,0x00000007980f82f0,0x0000000798100000)
  to   space 13312K, 0% used [0x0000000798180000,0x0000000798180000,0x0000000798e80000)
 ParOldGen       total 87552K, used 23421K [0x0000000740000000, 0x0000000745580000, 0x0000000795580000)
  object space 87552K, 26% used [0x0000000740000000,0x00000007416df680,0x0000000745580000)
 Metaspace       used 19672K, capacity 20035K, committed 20224K, reserved 1067008K
  class space    used 1922K, capacity 2032K, committed 2048K, reserved 1048576K
Event: 13.011 GC heap after
Heap after GC invocations=8 (full 0):
 PSYoungGen      total 44032K, used 13280K [0x0000000795580000, 0x0000000799000000, 0x00000007c0000000)
  eden space 30720K, 0% used [0x0000000795580000,0x0000000795580000,0x0000000797380000)
  from space 13312K, 99% used [0x0000000798180000,0x0000000798e78330,0x0000000798e80000)
  to   space 14336K, 0% used [0x0000000797380000,0x0000000797380000,0x0000000798180000)
 ParOldGen       total 87552K, used 27045K [0x0000000740000000, 0x0000000745580000, 0x0000000795580000)
  object space 87552K, 30% used [0x0000000740000000,0x0000000741a69760,0x0000000745580000)
 Metaspace       used 19672K, capacity 20035K, committed 20224K, reserved 1067008K
  class space    used 1922K, capacity 2032K, committed 2048K, reserved 1048576K
}

Deoptimization events (10 events):
Event: 3.414 Thread 0x00007fe2a0252000 Uncommon trap: reason=unstable_if action=reinterpret pc=0x00000001048f1950 method=java.lang.AbstractStringBuilder.append(Ljava/lang/String;)Ljava/lang/AbstractStringBuilder; @ 1
Event: 3.500 Thread 0x00007fe2a0252000 Uncommon trap: reason=unstable_if action=reinterpret pc=0x0000000104b41da4 method=java.util.HashMap$HashIterator.<init>(Ljava/util/HashMap;)V @ 38
Event: 3.541 Thread 0x00007fe2a0bac800 Uncommon trap: reason=unstable_if action=reinterpret pc=0x0000000104afa900 method=java.security.AccessControlContext.combine([Ljava/security/ProtectionDomain;[Ljava/security/ProtectionDomain;)[Ljava/security/ProtectionDomain; @ 151
Event: 3.541 Thread 0x00007fe2a03ac800 Uncommon trap: reason=unstable_if action=reinterpret pc=0x0000000104afa900 method=java.security.AccessControlContext.combine([Ljava/security/ProtectionDomain;[Ljava/security/ProtectionDomain;)[Ljava/security/ProtectionDomain; @ 151
Event: 7.318 Thread 0x00007fe2a0252000 Uncommon trap: reason=unstable_if action=reinterpret pc=0x0000000104be9438 method=java.text.DigitList.getDataChars(I)[C @ 13
Event: 16.781 Thread 0x00007fe2a0252000 Uncommon trap: reason=unstable_if action=reinterpret pc=0x0000000104c6e228 method=com.jogamp.common.util.VersionNumber.compareTo(Lcom/jogamp/common/util/VersionNumber;)I @ 21
Event: 16.781 Thread 0x00007fe2a0252000 Uncommon trap: reason=unstable_if action=reinterpret pc=0x0000000104ecb53c method=java.awt.EventQueue.getPriority(Ljava/awt/AWTEvent;)I @ 22
Event: 16.795 Thread 0x00007fe2a0192000 Uncommon trap: reason=unstable_if action=reinterpret pc=0x0000000104bb351c method=java.util.HashMap.putVal(ILjava/lang/Object;Ljava/lang/Object;ZZ)Ljava/lang/Object; @ 81
Event: 16.795 Thread 0x00007fe2a0192000 Uncommon trap: reason=unstable_if action=reinterpret pc=0x0000000104bb4130 method=java.util.HashMap.putVal(ILjava/lang/Object;Ljava/lang/Object;ZZ)Ljava/lang/Object; @ 81
Event: 16.809 Thread 0x00007fe2a0252000 Uncommon trap: reason=unstable_if action=reinterpret pc=0x0000000104c73408 method=java.security.AccessControlContext.optimize()Ljava/security/AccessControlContext; @ 233

Classes redefined (0 events):
No events

Internal exceptions (10 events):
Event: 0.160 Thread 0x00007fe29f805000 Exception <a 'java/lang/NoSuchFieldError': method resolution failed> (0x0000000795797d88) thrown at [/Users/java_re/workspace/8-2-build-macosx-x86_64/jdk8u201/12322/hotspot/src/share/vm/prims/methodHandles.cpp, line 1167]
Event: 0.394 Thread 0x00007fe29f805000 Exception <a 'java/io/FileNotFoundException'> (0x0000000795813318) thrown at [/Users/java_re/workspace/8-2-build-macosx-x86_64/jdk8u201/12322/hotspot/src/share/vm/prims/jni.cpp, line 709]
Event: 0.394 Thread 0x00007fe29f805000 Exception <a 'java/io/FileNotFoundException'> (0x0000000795813ea0) thrown at [/Users/java_re/workspace/8-2-build-macosx-x86_64/jdk8u201/12322/hotspot/src/share/vm/prims/jni.cpp, line 709]
Event: 0.538 Thread 0x00007fe29f805000 Exception <a 'java/io/FileNotFoundException'> (0x000000079593f260) thrown at [/Users/java_re/workspace/8-2-build-macosx-x86_64/jdk8u201/12322/hotspot/src/share/vm/prims/jni.cpp, line 709]
Event: 2.429 Thread 0x00007fe2a0179000 Exception <a 'java/lang/UnsatisfiedLinkError': com.jogamp.common.util.JarUtil.fixNativeLibAttribs(Ljava/lang/String;)Z> (0x0000000796cc6ed8) thrown at [/Users/java_re/workspace/8-2-build-macosx-x86_64/jdk8u201/12322/hotspot/src/share/vm/prims/nativeLookup
Event: 2.716 Thread 0x00007fe2a001e800 Exception <a 'java/lang/NullPointerException'> (0x00000007956a4980) thrown at [/Users/java_re/workspace/8-2-build-macosx-x86_64/jdk8u201/12322/hotspot/src/share/vm/interpreter/linkResolver.cpp, line 1185]
Event: 3.413 Thread 0x00007fe2a0252000 Exception <a 'java/io/FileNotFoundException'> (0x0000000796071290) thrown at [/Users/java_re/workspace/8-2-build-macosx-x86_64/jdk8u201/12322/hotspot/src/share/vm/prims/jni.cpp, line 709]
Event: 3.413 Thread 0x00007fe2a0252000 Exception <a 'java/io/FileNotFoundException'> (0x0000000796077588) thrown at [/Users/java_re/workspace/8-2-build-macosx-x86_64/jdk8u201/12322/hotspot/src/share/vm/prims/jni.cpp, line 709]
Event: 3.414 Thread 0x00007fe2a0252000 Implicit null exception at 0x00000001048f1576 to 0x00000001048f1939
Event: 3.500 Thread 0x00007fe2a0252000 Implicit null exception at 0x0000000104b41b46 to 0x0000000104b41d8d

Events (10 events):
Event: 16.816 loading class java/util/IdentityHashMap$IdentityHashMapIterator
Event: 16.816 loading class java/util/IdentityHashMap$IdentityHashMapIterator done
Event: 16.816 loading class java/util/IdentityHashMap$KeyIterator done
Event: 16.816 Thread 0x00007fe29f57e800 Thread added: 0x00007fe29f57e800
Event: 16.817 Thread 0x00007fe29f4f8000 Thread added: 0x00007fe29f4f8000
Event: 16.817 loading class java/nio/channels/ClosedChannelException
Event: 16.817 loading class java/nio/channels/ClosedChannelException done
Event: 16.817 loading class jogamp/opengl/egl/EGLDisplayUtil
Event: 16.817 loading class jogamp/opengl/egl/EGLDisplayUtil done
Event: 16.817 Thread 0x00007fe29f57e800 Thread exited: 0x00007fe29f57e800


Dynamic libraries:
0x00007fff33a69000 	/System/Library/Frameworks/Cocoa.framework/Versions/A/Cocoa
0x00007fff3fd28000 	/System/Library/Frameworks/Security.framework/Versions/A/Security
0x00007fff32670000 	/System/Library/Frameworks/ApplicationServices.framework/Versions/A/ApplicationServices
0x00007fff61313000 	/usr/lib/libz.1.dylib
0x00007fff5e988000 	/usr/lib/libSystem.B.dylib
0x00007fff60430000 	/usr/lib/libobjc.A.dylib
0x00007fff3428c000 	/System/Library/Frameworks/CoreFoundation.framework/Versions/A/CoreFoundation
0x00007fff36611000 	/System/Library/Frameworks/Foundation.framework/Versions/C/Foundation
0x00007fff317fd000 	/System/Library/Frameworks/AppKit.framework/Versions/C/AppKit
0x00007fff33e00000 	/System/Library/Frameworks/CoreData.framework/Versions/A/CoreData
0x00007fff57b56000 	/System/Library/PrivateFrameworks/RemoteViewServices.framework/Versions/A/RemoteViewServices
0x00007fff5c656000 	/System/Library/PrivateFrameworks/UIFoundation.framework/Versions/A/UIFoundation
0x00007fff5de0e000 	/System/Library/PrivateFrameworks/XCTTargetBootstrap.framework/Versions/A/XCTTargetBootstrap
0x00007fff5265d000 	/System/Library/PrivateFrameworks/IconServices.framework/Versions/A/IconServices
0x00007fff38edb000 	/System/Library/Frameworks/Metal.framework/Versions/A/Metal
0x00007fff4985f000 	/System/Library/PrivateFrameworks/DesktopServicesPriv.framework/Versions/A/DesktopServicesPriv
0x00007fff5f743000 	/usr/lib/libenergytrace.dylib
0x00007fff5a3c7000 	/System/Library/PrivateFrameworks/SkyLight.framework/Versions/A/SkyLight
0x00007fff346db000 	/System/Library/Frameworks/CoreGraphics.framework/Versions/A/CoreGraphics
0x00007fff305b8000 	/System/Library/Frameworks/Accelerate.framework/Versions/A/Accelerate
0x00007fff36d9b000 	/System/Library/Frameworks/IOSurface.framework/Versions/A/IOSurface
0x00007fff496c1000 	/System/Library/PrivateFrameworks/DFRFoundation.framework/Versions/A/DFRFoundation
0x00007fff32b75000 	/System/Library/Frameworks/AudioToolbox.framework/Versions/A/AudioToolbox
0x00007fff32e14000 	/System/Library/Frameworks/AudioUnit.framework/Versions/A/AudioUnit
0x00007fff49758000 	/System/Library/PrivateFrameworks/DataDetectorsCore.framework/Versions/A/DataDetectorsCore
0x00007fff33553000 	/System/Library/Frameworks/Carbon.framework/Versions/A/Frameworks/HIToolbox.framework/Versions/A/HIToolbox
0x00007fff5f89e000 	/usr/lib/libicucore.A.dylib
0x00007fff3f27b000 	/System/Library/Frameworks/QuartzCore.framework/Versions/A/QuartzCore
0x00007fff3393a000 	/System/Library/Frameworks/Carbon.framework/Versions/A/Frameworks/SpeechRecognition.framework/Versions/A/SpeechRecognition
0x00007fff5eaeb000 	/usr/lib/libauto.dylib
0x00007fff61206000 	/usr/lib/libxml2.2.dylib
0x00007fff492c0000 	/System/Library/PrivateFrameworks/CoreUI.framework/Versions/A/CoreUI
0x00007fff33cde000 	/System/Library/Frameworks/CoreAudio.framework/Versions/A/CoreAudio
0x00007fff36443000 	/System/Library/Frameworks/DiskArbitration.framework/Versions/A/DiskArbitration
0x00007fff5fb4e000 	/usr/lib/liblangid.dylib
0x00007fff53b0d000 	/System/Library/PrivateFrameworks/MultitouchSupport.framework/Versions/A/MultitouchSupport
0x00007fff36d06000 	/System/Library/Frameworks/IOKit.framework/Versions/A/IOKit
0x00007fff5e5d6000 	/usr/lib/libDiagnosticMessagesClient.dylib
0x00007fff35549000 	/System/Library/Frameworks/CoreServices.framework/Versions/A/CoreServices
0x00007fff55843000 	/System/Library/PrivateFrameworks/PerformanceAnalysis.framework/Versions/A/PerformanceAnalysis
0x00007fff3e410000 	/System/Library/Frameworks/OpenGL.framework/Versions/A/OpenGL
0x00007fff33a77000 	/System/Library/Frameworks/ColorSync.framework/Versions/A/ColorSync
0x00007fff34d6a000 	/System/Library/Frameworks/CoreImage.framework/Versions/A/CoreImage
0x00007fff35f8c000 	/System/Library/Frameworks/CoreText.framework/Versions/A/CoreText
0x00007fff36dfc000 	/System/Library/Frameworks/ImageIO.framework/Versions/A/ImageIO
0x00007fff458fb000 	/System/Library/PrivateFrameworks/Backup.framework/Versions/A/Backup
0x00007fff5ea3e000 	/usr/lib/libarchive.2.dylib
0x00007fff33178000 	/System/Library/Frameworks/CFNetwork.framework/Versions/A/CFNetwork
0x00007fff404d3000 	/System/Library/Frameworks/SystemConfiguration.framework/Versions/A/SystemConfiguration
0x00007fff5e4ff000 	/usr/lib/libCRFSuite.dylib
0x00007fff5ebe2000 	/usr/lib/libc++.1.dylib
0x00007fff5ec3a000 	/usr/lib/libc++abi.dylib
0x00007fff61396000 	/usr/lib/system/libcache.dylib
0x00007fff6139b000 	/usr/lib/system/libcommonCrypto.dylib
0x00007fff613a6000 	/usr/lib/system/libcompiler_rt.dylib
0x00007fff613ae000 	/usr/lib/system/libcopyfile.dylib
0x00007fff613b8000 	/usr/lib/system/libcorecrypto.dylib
0x00007fff614c3000 	/usr/lib/system/libdispatch.dylib
0x00007fff614fe000 	/usr/lib/system/libdyld.dylib
0x00007fff6152e000 	/usr/lib/system/libkeymgr.dylib
0x00007fff6153c000 	/usr/lib/system/liblaunch.dylib
0x00007fff6153d000 	/usr/lib/system/libmacho.dylib
0x00007fff61543000 	/usr/lib/system/libquarantine.dylib
0x00007fff61546000 	/usr/lib/system/libremovefile.dylib
0x00007fff61548000 	/usr/lib/system/libsystem_asl.dylib
0x00007fff61560000 	/usr/lib/system/libsystem_blocks.dylib
0x00007fff61561000 	/usr/lib/system/libsystem_c.dylib
0x00007fff615ea000 	/usr/lib/system/libsystem_configuration.dylib
0x00007fff615ee000 	/usr/lib/system/libsystem_coreservices.dylib
0x00007fff615f2000 	/usr/lib/system/libsystem_darwin.dylib
0x00007fff615f9000 	/usr/lib/system/libsystem_dnssd.dylib
0x00007fff61600000 	/usr/lib/system/libsystem_info.dylib
0x00007fff61676000 	/usr/lib/system/libsystem_m.dylib
0x00007fff616c2000 	/usr/lib/system/libsystem_malloc.dylib
0x00007fff616e7000 	/usr/lib/system/libsystem_networkextension.dylib
0x00007fff616f3000 	/usr/lib/system/libsystem_notify.dylib
0x00007fff61710000 	/usr/lib/system/libsystem_sandbox.dylib
0x00007fff61714000 	/usr/lib/system/libsystem_secinit.dylib
0x00007fff6164d000 	/usr/lib/system/libsystem_kernel.dylib
0x00007fff616fb000 	/usr/lib/system/libsystem_platform.dylib
0x00007fff61705000 	/usr/lib/system/libsystem_pthread.dylib
0x00007fff61717000 	/usr/lib/system/libsystem_symptoms.dylib
0x00007fff6171f000 	/usr/lib/system/libsystem_trace.dylib
0x00007fff61736000 	/usr/lib/system/libunwind.dylib
0x00007fff6173c000 	/usr/lib/system/libxpc.dylib
0x00007fff5ebc2000 	/usr/lib/libbsm.0.dylib
0x00007fff6152f000 	/usr/lib/system/libkxld.dylib
0x00007fff44ba8000 	/System/Library/PrivateFrameworks/AppleFSCompression.framework/Versions/A/AppleFSCompression
0x00007fff5e847000 	/usr/lib/libOpenScriptingUtil.dylib
0x00007fff5ef25000 	/usr/lib/libcoretls.dylib
0x00007fff5ef3c000 	/usr/lib/libcoretls_cfhelpers.dylib
0x00007fff60bc9000 	/usr/lib/libpam.2.dylib
0x00007fff60d8c000 	/usr/lib/libsqlite3.dylib
0x00007fff611f4000 	/usr/lib/libxar.1.dylib
0x00007fff5ebd3000 	/usr/lib/libbz2.1.0.dylib
0x00007fff5fb50000 	/usr/lib/liblzma.5.dylib
0x00007fff60046000 	/usr/lib/libnetwork.dylib
0x00007fff5ea27000 	/usr/lib/libapple_nghttp2.dylib
0x00007fff60bd0000 	/usr/lib/libpcap.A.dylib
0x00007fff358ed000 	/System/Library/Frameworks/CoreServices.framework/Versions/A/Frameworks/FSEvents.framework/Versions/A/FSEvents
0x00007fff355c9000 	/System/Library/Frameworks/CoreServices.framework/Versions/A/Frameworks/CarbonCore.framework/Versions/A/CarbonCore
0x00007fff35ac2000 	/System/Library/Frameworks/CoreServices.framework/Versions/A/Frameworks/Metadata.framework/Versions/A/Metadata
0x00007fff35b65000 	/System/Library/Frameworks/CoreServices.framework/Versions/A/Frameworks/OSServices.framework/Versions/A/OSServices
0x00007fff35bb1000 	/System/Library/Frameworks/CoreServices.framework/Versions/A/Frameworks/SearchKit.framework/Versions/A/SearchKit
0x00007fff3554a000 	/System/Library/Frameworks/CoreServices.framework/Versions/A/Frameworks/AE.framework/Versions/A/AE
0x00007fff358f6000 	/System/Library/Frameworks/CoreServices.framework/Versions/A/Frameworks/LaunchServices.framework/Versions/A/LaunchServices
0x00007fff358a2000 	/System/Library/Frameworks/CoreServices.framework/Versions/A/Frameworks/DictionaryServices.framework/Versions/A/DictionaryServices
0x00007fff35c20000 	/System/Library/Frameworks/CoreServices.framework/Versions/A/Frameworks/SharedFileList.framework/Versions/A/SharedFileList
0x00007fff3a3a1000 	/System/Library/Frameworks/NetFS.framework/Versions/A/NetFS
0x00007fff53daa000 	/System/Library/PrivateFrameworks/NetAuth.framework/Versions/A/NetAuth
0x00007fff5e242000 	/System/Library/PrivateFrameworks/login.framework/Versions/A/Frameworks/loginsupport.framework/Versions/A/loginsupport
0x00007fff5c24e000 	/System/Library/PrivateFrameworks/TCC.framework/Versions/A/TCC
0x00007fff488c8000 	/System/Library/PrivateFrameworks/CoreNLP.framework/Versions/A/CoreNLP
0x00007fff537fe000 	/System/Library/PrivateFrameworks/MetadataUtilities.framework/Versions/A/MetadataUtilities
0x00007fff5fc31000 	/usr/lib/libmecabra.dylib
0x00007fff32671000 	/System/Library/Frameworks/ApplicationServices.framework/Versions/A/Frameworks/ATS.framework/Versions/A/ATS
0x00007fff329dc000 	/System/Library/Frameworks/ApplicationServices.framework/Versions/A/Frameworks/ColorSyncLegacy.framework/Versions/A/ColorSyncLegacy
0x00007fff32a7d000 	/System/Library/Frameworks/ApplicationServices.framework/Versions/A/Frameworks/HIServices.framework/Versions/A/HIServices
0x00007fff32ad0000 	/System/Library/Frameworks/ApplicationServices.framework/Versions/A/Frameworks/LangAnalysis.framework/Versions/A/LangAnalysis
0x00007fff32adf000 	/System/Library/Frameworks/ApplicationServices.framework/Versions/A/Frameworks/PrintCore.framework/Versions/A/PrintCore
0x00007fff32b2c000 	/System/Library/Frameworks/ApplicationServices.framework/Versions/A/Frameworks/QD.framework/Versions/A/QD
0x00007fff32b68000 	/System/Library/Frameworks/ApplicationServices.framework/Versions/A/Frameworks/SpeechSynthesis.framework/Versions/A/SpeechSynthesis
0x00007fff5ec62000 	/usr/lib/libcompression.dylib
0x00007fff341a2000 	/System/Library/Frameworks/CoreDisplay.framework/Versions/A/CoreDisplay
0x00007fff391a3000 	/System/Library/Frameworks/MetalPerformanceShaders.framework/Versions/A/MetalPerformanceShaders
0x00007fff305d0000 	/System/Library/Frameworks/Accelerate.framework/Versions/A/Frameworks/vImage.framework/Versions/A/vImage
0x00007fff3164c000 	/System/Library/Frameworks/Accelerate.framework/Versions/A/Frameworks/vecLib.framework/Versions/A/vecLib
0x00007fff31596000 	/System/Library/Frameworks/Accelerate.framework/Versions/A/Frameworks/vecLib.framework/Versions/A/libvMisc.dylib
0x00007fff313b1000 	/System/Library/Frameworks/Accelerate.framework/Versions/A/Frameworks/vecLib.framework/Versions/A/libvDSP.dylib
0x00007fff30c71000 	/System/Library/Frameworks/Accelerate.framework/Versions/A/Frameworks/vecLib.framework/Versions/A/libBLAS.dylib
0x00007fff30f5c000 	/System/Library/Frameworks/Accelerate.framework/Versions/A/Frameworks/vecLib.framework/Versions/A/libLAPACK.dylib
0x00007fff31303000 	/System/Library/Frameworks/Accelerate.framework/Versions/A/Frameworks/vecLib.framework/Versions/A/libLinearAlgebra.dylib
0x00007fff3139d000 	/System/Library/Frameworks/Accelerate.framework/Versions/A/Frameworks/vecLib.framework/Versions/A/libSparseBLAS.dylib
0x00007fff31319000 	/System/Library/Frameworks/Accelerate.framework/Versions/A/Frameworks/vecLib.framework/Versions/A/libQuadrature.dylib
0x00007fff30ee9000 	/System/Library/Frameworks/Accelerate.framework/Versions/A/Frameworks/vecLib.framework/Versions/A/libBNNS.dylib
0x00007fff3131f000 	/System/Library/Frameworks/Accelerate.framework/Versions/A/Frameworks/vecLib.framework/Versions/A/libSparse.dylib
0x00007fff4fdef000 	/System/Library/PrivateFrameworks/GPUWrangler.framework/Versions/A/GPUWrangler
0x00007fff52224000 	/System/Library/PrivateFrameworks/IOAccelerator.framework/Versions/A/IOAccelerator
0x00007fff5222f000 	/System/Library/PrivateFrameworks/IOPresentment.framework/Versions/A/IOPresentment
0x00007fff496d1000 	/System/Library/PrivateFrameworks/DSExternalDisplay.framework/Versions/A/DSExternalDisplay
0x00007fff3d855000 	/System/Library/Frameworks/OpenGL.framework/Versions/A/Libraries/libCoreFSCache.dylib
0x00007fff38f8b000 	/System/Library/Frameworks/MetalPerformanceShaders.framework/Frameworks/MPSCore.framework/Versions/A/MPSCore
0x00007fff38fac000 	/System/Library/Frameworks/MetalPerformanceShaders.framework/Frameworks/MPSImage.framework/Versions/A/MPSImage
0x00007fff39054000 	/System/Library/Frameworks/MetalPerformanceShaders.framework/Frameworks/MPSNeuralNetwork.framework/Versions/A/MPSNeuralNetwork
0x00007fff3902b000 	/System/Library/Frameworks/MetalPerformanceShaders.framework/Frameworks/MPSMatrix.framework/Versions/A/MPSMatrix
0x00007fff39187000 	/System/Library/Frameworks/MetalPerformanceShaders.framework/Frameworks/MPSRayIntersector.framework/Versions/A/MPSRayIntersector
0x00007fff53827000 	/System/Library/PrivateFrameworks/MetalTools.framework/Versions/A/MetalTools
0x00007fff442a2000 	/System/Library/PrivateFrameworks/AggregateDictionary.framework/Versions/A/AggregateDictionary
0x00007fff5e827000 	/usr/lib/libMobileGestalt.dylib
0x00007fff360f2000 	/System/Library/Frameworks/CoreVideo.framework/Versions/A/CoreVideo
0x00007fff50c5f000 	/System/Library/PrivateFrameworks/GraphVisualizer.framework/Versions/A/GraphVisualizer
0x00007fff4a9fa000 	/System/Library/PrivateFrameworks/FaceCore.framework/Versions/A/FaceCore
0x00007fff3ce6d000 	/System/Library/Frameworks/OpenCL.framework/Versions/A/OpenCL
0x00007fff5e60e000 	/usr/lib/libFosl_dynamic.dylib
0x00007fff54682000 	/System/Library/PrivateFrameworks/OTSVG.framework/Versions/A/OTSVG
0x00007fff32775000 	/System/Library/Frameworks/ApplicationServices.framework/Versions/A/Frameworks/ATS.framework/Versions/A/Resources/libFontParser.dylib
0x00007fff32895000 	/System/Library/Frameworks/ApplicationServices.framework/Versions/A/Frameworks/ATS.framework/Versions/A/Resources/libFontRegistry.dylib
0x00007fff37086000 	/System/Library/Frameworks/ImageIO.framework/Versions/A/Resources/libJPEG.dylib
0x00007fff373a8000 	/System/Library/Frameworks/ImageIO.framework/Versions/A/Resources/libTIFF.dylib
0x00007fff3737e000 	/System/Library/Frameworks/ImageIO.framework/Versions/A/Resources/libPng.dylib
0x00007fff36f9b000 	/System/Library/Frameworks/ImageIO.framework/Versions/A/Resources/libGIF.dylib
0x00007fff36fa0000 	/System/Library/Frameworks/ImageIO.framework/Versions/A/Resources/libJP2.dylib
0x00007fff373a5000 	/System/Library/Frameworks/ImageIO.framework/Versions/A/Resources/libRadiance.dylib
0x00007fff44d01000 	/System/Library/PrivateFrameworks/AppleJPEG.framework/Versions/A/AppleJPEG
0x00007fff3d860000 	/System/Library/Frameworks/OpenGL.framework/Versions/A/Libraries/libGFXShared.dylib
0x00007fff3da23000 	/System/Library/Frameworks/OpenGL.framework/Versions/A/Libraries/libGLU.dylib
0x00007fff3d869000 	/System/Library/Frameworks/OpenGL.framework/Versions/A/Libraries/libGL.dylib
0x00007fff3d875000 	/System/Library/Frameworks/OpenGL.framework/Versions/A/Libraries/libGLImage.dylib
0x00007fff3d852000 	/System/Library/Frameworks/OpenGL.framework/Versions/A/Libraries/libCVMSPluginSupport.dylib
0x00007fff3d85b000 	/System/Library/Frameworks/OpenGL.framework/Versions/A/Libraries/libCoreVMClient.dylib
0x00007fff5f5b4000 	/usr/lib/libcups.2.dylib
0x00007fff384a0000 	/System/Library/Frameworks/Kerberos.framework/Versions/A/Kerberos
0x00007fff36a50000 	/System/Library/Frameworks/GSS.framework/Versions/A/GSS
0x00007fff60d20000 	/usr/lib/libresolv.9.dylib
0x00007fff5f7ac000 	/usr/lib/libiconv.2.dylib
0x00007fff50dbf000 	/System/Library/PrivateFrameworks/Heimdal.framework/Versions/A/Heimdal
0x00007fff5f77b000 	/usr/lib/libheimdal-asn1.dylib
0x00007fff3cee3000 	/System/Library/Frameworks/OpenDirectory.framework/Versions/A/OpenDirectory
0x00007fff475c4000 	/System/Library/PrivateFrameworks/CommonAuth.framework/Versions/A/CommonAuth
0x00007fff3cec6000 	/System/Library/Frameworks/OpenDirectory.framework/Versions/A/Frameworks/CFOpenDirectory.framework/Versions/A/CFOpenDirectory
0x00007fff40051000 	/System/Library/Frameworks/SecurityFoundation.framework/Versions/A/SecurityFoundation
0x00007fff437b1000 	/System/Library/PrivateFrameworks/APFS.framework/Versions/A/APFS
0x00007fff611f0000 	/usr/lib/libutil.dylib
0x00007fff5ec50000 	/usr/lib/libcharset.1.dylib
0x00007fff44f9d000 	/System/Library/PrivateFrameworks/AppleSauce.framework/Versions/A/AppleSauce
0x00007fff4512b000 	/System/Library/PrivateFrameworks/AssertionServices.framework/Versions/A/AssertionServices
0x00007fff4599e000 	/System/Library/PrivateFrameworks/BaseBoard.framework/Versions/A/BaseBoard
0x00007fff5fb80000 	/usr/lib/libmecab.1.0.0.dylib
0x00007fff5f775000 	/usr/lib/libgermantok.dylib
0x00007fff5ea13000 	/usr/lib/libThaiTokenizer.dylib
0x00007fff5e53a000 	/usr/lib/libChineseTokenizer.dylib
0x00007fff5295b000 	/System/Library/PrivateFrameworks/LanguageModeling.framework/Versions/A/LanguageModeling
0x00007fff482de000 	/System/Library/PrivateFrameworks/CoreEmoji.framework/Versions/A/CoreEmoji
0x00007fff52a53000 	/System/Library/PrivateFrameworks/Lexicon.framework/Versions/A/Lexicon
0x00007fff52a9b000 	/System/Library/PrivateFrameworks/LinguisticData.framework/Versions/A/LinguisticData
0x00007fff5ec51000 	/usr/lib/libcmph.dylib
0x00007fff40112000 	/System/Library/Frameworks/ServiceManagement.framework/Versions/A/ServiceManagement
0x00007fff458f1000 	/System/Library/PrivateFrameworks/BackgroundTaskManagement.framework/Versions/A/BackgroundTaskManagement
0x00007fff612ea000 	/usr/lib/libxslt.1.dylib
0x00007fff33865000 	/System/Library/Frameworks/Carbon.framework/Versions/A/Frameworks/Ink.framework/Versions/A/Ink
0x00007fff5c4ce000 	/System/Library/PrivateFrameworks/TextureIO.framework/Versions/A/TextureIO
0x00007fff5ea68000 	/usr/lib/libate.dylib
0x00007fff4962d000 	/System/Library/PrivateFrameworks/CrashReporterSupport.framework/Versions/A/CrashReporterSupport
0x00007fff594ef000 	/System/Library/PrivateFrameworks/Sharing.framework/Versions/A/Sharing
0x00007fff4547d000 	/System/Library/PrivateFrameworks/AuthKit.framework/Versions/A/AuthKit
0x00007fff448a0000 	/System/Library/PrivateFrameworks/Apple80211.framework/Versions/A/Apple80211
0x00007fff493ed000 	/System/Library/PrivateFrameworks/CoreUtils.framework/Versions/A/CoreUtils
0x00007fff36130000 	/System/Library/Frameworks/CoreWLAN.framework/Versions/A/CoreWLAN
0x00007fff36b9a000 	/System/Library/Frameworks/IOBluetooth.framework/Versions/A/IOBluetooth
0x00007fff57811000 	/System/Library/PrivateFrameworks/ProtocolBuffer.framework/Versions/A/ProtocolBuffer
0x00007fff53a64000 	/System/Library/PrivateFrameworks/MobileKeyBag.framework/Versions/A/MobileKeyBag
0x00007fff48c05000 	/System/Library/PrivateFrameworks/CorePhoneNumbers.framework/Versions/A/CorePhoneNumbers
0x00007fff44cb5000 	/System/Library/PrivateFrameworks/AppleIDAuthSupport.framework/Versions/A/AppleIDAuthSupport
0x00007fff5292c000 	/System/Library/PrivateFrameworks/KeychainCircle.framework/Versions/A/KeychainCircle
0x00007fff579de000 	/System/Library/PrivateFrameworks/ROCKit.framework/Versions/A/ROCKit
0x00007fff495c9000 	/System/Library/PrivateFrameworks/CoreWiFi.framework/Versions/A/CoreWiFi
0x00007fff33dd4000 	/System/Library/Frameworks/CoreBluetooth.framework/Versions/A/CoreBluetooth
0x00007fff4981d000 	/System/Library/PrivateFrameworks/DebugSymbols.framework/Versions/A/DebugSymbols
0x00007fff491a2000 	/System/Library/PrivateFrameworks/CoreSymbolication.framework/Versions/A/CoreSymbolication
0x00007fff5bcb8000 	/System/Library/PrivateFrameworks/Symbolication.framework/Versions/A/Symbolication
0x00007fff5ae4a000 	/System/Library/PrivateFrameworks/SpeechRecognitionCore.framework/Versions/A/SpeechRecognitionCore
0x0000000101600000 	/Library/Java/JavaVirtualMachines/jdk1.8.0_201.jdk/Contents/Home/jre/lib/server/libjvm.dylib
0x00007fff610b4000 	/usr/lib/libstdc++.6.dylib
0x0000000100d4d000 	/Library/Java/JavaVirtualMachines/jdk1.8.0_201.jdk/Contents/Home/jre/lib/libverify.dylib
0x0000000100d5b000 	/Library/Java/JavaVirtualMachines/jdk1.8.0_201.jdk/Contents/Home/jre/lib/libjava.dylib
0x0000000100ddb000 	/Library/Java/JavaVirtualMachines/jdk1.8.0_201.jdk/Contents/Home/jre/lib/libzip.dylib
0x0000000118013000 	/Library/Java/JavaVirtualMachines/jdk1.8.0_201.jdk/Contents/Home/jre/lib/libawt.dylib
0x00000001180bc000 	/Library/Java/JavaVirtualMachines/jdk1.8.0_201.jdk/Contents/Home/jre/lib/./libmlib_image.dylib
0x00007fff38489000 	/System/Library/Frameworks/JavaVM.framework/Versions/A/Frameworks/JavaNativeFoundation.framework/Versions/A/JavaNativeFoundation
0x00007fff38492000 	/System/Library/Frameworks/JavaVM.framework/Versions/A/Frameworks/JavaRuntimeSupport.framework/Versions/A/JavaRuntimeSupport
0x00007fff3849b000 	/System/Library/Frameworks/JavaVM.framework/Versions/A/JavaVM
0x00007fff52843000 	/System/Library/PrivateFrameworks/JavaLaunching.framework/Versions/A/JavaLaunching
0x00007fff3354e000 	/System/Library/Frameworks/Carbon.framework/Versions/A/Carbon
0x00007fff3354f000 	/System/Library/Frameworks/Carbon.framework/Versions/A/Frameworks/CommonPanels.framework/Versions/A/CommonPanels
0x00007fff3385b000 	/System/Library/Frameworks/Carbon.framework/Versions/A/Frameworks/Help.framework/Versions/A/Help
0x00007fff3385f000 	/System/Library/Frameworks/Carbon.framework/Versions/A/Frameworks/ImageCapture.framework/Versions/A/ImageCapture
0x00007fff338fa000 	/System/Library/Frameworks/Carbon.framework/Versions/A/Frameworks/OpenScripting.framework/Versions/A/OpenScripting
0x00007fff33935000 	/System/Library/Frameworks/Carbon.framework/Versions/A/Frameworks/Print.framework/Versions/A/Print
0x00007fff33937000 	/System/Library/Frameworks/Carbon.framework/Versions/A/Frameworks/SecurityHI.framework/Versions/A/SecurityHI
0x0000000118188000 	/Library/Java/JavaVirtualMachines/jdk1.8.0_201.jdk/Contents/Home/jre/lib/libawt_lwawt.dylib
0x0000000118242000 	/Library/Java/JavaVirtualMachines/jdk1.8.0_201.jdk/Contents/Home/jre/lib/./libosxapp.dylib
0x00007fff365e9000 	/System/Library/Frameworks/ExceptionHandling.framework/Versions/A/ExceptionHandling
0x00007fff48d9c000 	/System/Library/PrivateFrameworks/CoreServicesInternal.framework/Versions/A/CoreServicesInternal
0x00007fff2a121000 	/System/Library/CoreServices/RawCamera.bundle/Contents/MacOS/RawCamera
0x00007fff538ce000 	/System/Library/PrivateFrameworks/MobileAsset.framework/Versions/A/MobileAsset
0x00007fff5b53c000 	/System/Library/PrivateFrameworks/StreamingZip.framework/Versions/A/StreamingZip
0x00007fff3883b000 	/System/Library/Frameworks/MediaToolbox.framework/Versions/A/MediaToolbox
0x00007fff47e63000 	/System/Library/PrivateFrameworks/CoreAVCHD.framework/Versions/A/CoreAVCHD
0x00007fff38777000 	/System/Library/Frameworks/MediaAccessibility.framework/Versions/A/MediaAccessibility
0x00007fff53300000 	/System/Library/PrivateFrameworks/Mangrove.framework/Versions/A/Mangrove
0x00007fff353e4000 	/System/Library/Frameworks/CoreMedia.framework/Versions/A/CoreMedia
0x00007fff407a4000 	/System/Library/Frameworks/VideoToolbox.framework/Versions/A/VideoToolbox
0x00007fff47a8b000 	/System/Library/PrivateFrameworks/CoreAUC.framework/Versions/A/CoreAUC
0x00007fff60d8a000 	/usr/lib/libspindump.dylib
0x00007fff45090000 	/System/Library/PrivateFrameworks/AppleVA.framework/Versions/A/AppleVA
0x00007fff305b9000 	/System/Library/Frameworks/Accelerate.framework/Versions/A/Frameworks/vImage.framework/Versions/A/Libraries/libCGInterfaces.dylib
0x00007fff3293f000 	/System/Library/Frameworks/ApplicationServices.framework/Versions/A/Frameworks/ATS.framework/Versions/A/Resources/libTrueTypeScaler.dylib
0x00007fff2d868000 	/System/Library/Extensions/AppleIntelKBLGraphicsMTLDriver.bundle/Contents/MacOS/AppleIntelKBLGraphicsMTLDriver
0x00007fff4e744000 	/System/Library/PrivateFrameworks/GPUCompiler.framework/Versions/3902/Libraries/libmetal_timestamp.dylib
0x00007fff4ae2c000 	/System/Library/PrivateFrameworks/FamilyControls.framework/Versions/A/FamilyControls
0x00007fff475b7000 	/System/Library/PrivateFrameworks/CommerceKit.framework/Versions/A/Frameworks/CommerceCore.framework/Versions/A/CommerceCore
0x00007fff5bfa1000 	/System/Library/PrivateFrameworks/SystemAdministration.framework/Versions/A/SystemAdministration
0x00007fff4479a000 	/System/Library/PrivateFrameworks/AppContainer.framework/Versions/A/AppContainer
0x00007fff447b7000 	/System/Library/PrivateFrameworks/AppSandbox.framework/Versions/A/AppSandbox
0x00007fff59387000 	/System/Library/PrivateFrameworks/SecCodeWrapper.framework/Versions/A/SecCodeWrapper
0x00007fff60d3a000 	/usr/lib/libsandbox.1.dylib
0x00007fff5e7f2000 	/usr/lib/libMatch.1.dylib
0x00007fff49bbd000 	/System/Library/PrivateFrameworks/DiskManagement.framework/Versions/A/DiskManagement
0x00007fff36356000 	/System/Library/Frameworks/DirectoryService.framework/Versions/A/DirectoryService
0x00007fff49aea000 	/System/Library/PrivateFrameworks/DiskImages.framework/Versions/A/DiskImages
0x00007fff52b9a000 	/System/Library/PrivateFrameworks/LoginUIKit.framework/Versions/A/Frameworks/LoginUICore.framework/Versions/A/LoginUICore
0x00007fff5e546000 	/usr/lib/libCoreStorage.dylib
0x00007fff5f5a0000 	/usr/lib/libcsfde.dylib
0x00007fff60bb7000 	/usr/lib/libodfde.dylib
0x00007fff53421000 	/System/Library/PrivateFrameworks/MediaKit.framework/Versions/A/MediaKit
0x00007fff36362000 	/System/Library/Frameworks/DiscRecording.framework/Versions/A/DiscRecording
0x00007fff49d2a000 	/System/Library/PrivateFrameworks/EFILogin.framework/Versions/A/EFILogin
0x00007fff577b9000 	/System/Library/PrivateFrameworks/ProtectedCloudStorage.framework/Versions/A/ProtectedCloudStorage
0x00007fff5f635000 	/usr/lib/libcurl.4.dylib
0x00007fff5f407000 	/usr/lib/libcrypto.42.dylib
0x00007fff61066000 	/usr/lib/libssl.44.dylib
0x00007fff384ba000 	/System/Library/Frameworks/LDAP.framework/Versions/A/LDAP
0x00007fff5c64f000 	/System/Library/PrivateFrameworks/TrustEvaluationAgent.framework/Versions/A/TrustEvaluationAgent
0x00007fff60d77000 	/usr/lib/libsasl2.2.dylib
0x00007fff480c2000 	/System/Library/PrivateFrameworks/CoreDaemon.framework/Versions/B/CoreDaemon
0x00007fff44f98000 	/System/Library/PrivateFrameworks/AppleSRP.framework/Versions/A/AppleSRP
0x00007fff5d4ff000 	/System/Library/PrivateFrameworks/ViewBridge.framework/Versions/A/ViewBridge
0x00007fff3e420000 	/System/Library/Frameworks/OpenGL.framework/Versions/A/Resources/GLEngine.bundle/GLEngine
0x00007fff3d8b0000 	/System/Library/Frameworks/OpenGL.framework/Versions/A/Libraries/libGLProgrammability.dylib
0x00007fff2ca87000 	/System/Library/Extensions/AppleIntelKBLGraphicsGLDriver.bundle/Contents/MacOS/AppleIntelKBLGraphicsGLDriver
0x00007fff4fde3000 	/System/Library/PrivateFrameworks/GPUSupport.framework/Versions/A/Libraries/libGPUSupportMercury.dylib
0x00007fff3e5b7000 	/System/Library/Frameworks/OpenGL.framework/Versions/A/Resources/GLRendererFloat.bundle/GLRendererFloat
0x00007fff3ce64000 	/System/Library/Frameworks/OpenCL.framework/Versions/A/Libraries/libcldcpuengine.dylib
0x00007fff5f0dc000 	/usr/lib/libcrypto.35.dylib
0x000000011d819000 	/Library/Java/JavaVirtualMachines/jdk1.8.0_201.jdk/Contents/Home/jre/lib/libfontmanager.dylib
0x000000011d880000 	/usr/lib/libobjc-trampolines.dylib
0x000000011ec28000 	/Library/Java/JavaVirtualMachines/jdk1.8.0_201.jdk/Contents/Home/jre/lib/libosxui.dylib
0x000000011f928000 	/Library/Java/JavaVirtualMachines/jdk1.8.0_201.jdk/Contents/Home/jre/lib/libnet.dylib
0x000000011f736000 	/Library/Java/JavaVirtualMachines/jdk1.8.0_201.jdk/Contents/Home/jre/lib/libnio.dylib
0x000000011e93b000 	/private/var/folders/m0/6y68n2cs1pvccry5h7q2mtgm0000gn/T/jogamp_0000/file_cache/jln7233548835876937766/jln8365053685584365872/libgluegen-rt.jnilib
0x000000011e95e000 	/private/var/folders/m0/6y68n2cs1pvccry5h7q2mtgm0000gn/T/jogamp_0000/file_cache/jln7233548835876937766/jln8365053685584365872/libnativewindow_awt.jnilib
0x000000018b399000 	/Library/Java/JavaVirtualMachines/jdk1.8.0_201.jdk/Contents/Home/jre/lib/libjawt.dylib
0x000000018b39c000 	/private/var/folders/m0/6y68n2cs1pvccry5h7q2mtgm0000gn/T/jogamp_0000/file_cache/jln7233548835876937766/jln8365053685584365872/libnativewindow_macosx.jnilib
0x000000018bb3d000 	/private/var/folders/m0/6y68n2cs1pvccry5h7q2mtgm0000gn/T/jogamp_0000/file_cache/jln7233548835876937766/jln8365053685584365872/libjogl_desktop.jnilib
0x000000019340c000 	/Library/Java/JavaVirtualMachines/jdk1.8.0_201.jdk/Contents/Home/jre/lib/libjpeg.dylib

VM Arguments:
jvm_args: -Djava.security.policy=java.policy.applet -Dfile.encoding=UTF-8 
java_command: sun.applet.AppletViewer module1.HelloWorld1551820935586.html
java_class_path (initial): /Users/christian/eclipse-workspace/UCSDUnfoldingMaps/build:/Users/christian/eclipse-workspace/UCSDUnfoldingMaps/lib/core.jar:/Users/christian/eclipse-workspace/UCSDUnfoldingMaps/lib/gluegen-rt.jar:/Users/christian/eclipse-workspace/UCSDUnfoldingMaps/lib/jogl-all.jar:/Users/christian/eclipse-workspace/UCSDUnfoldingMaps/lib/log4j-1.2.15.jar:/Users/christian/eclipse-workspace/UCSDUnfoldingMaps/lib/sqlite-jdbc-3.7.2.jar:/Users/christian/eclipse-workspace/UCSDUnfoldingMaps/lib/json4processing.jar:/Users/christian/eclipse-workspace/UCSDUnfoldingMaps/lib/libTUIO.jar:/Users/christian/eclipse-workspace/UCSDUnfoldingMaps/lib/unfolding.0.9.7-uscd.jar
Launcher Type: SUN_STANDARD

Environment Variables:
PATH=/usr/bin:/bin:/usr/sbin:/sbin
SHELL=/bin/bash

Signal Handlers:
SIGSEGV: [libjvm.dylib+0x5b723d], sa_mask[0]=11111111011111110111111111111111, sa_flags=SA_ONSTACK|SA_RESTART|SA_SIGINFO
SIGBUS: [libjvm.dylib+0x5b723d], sa_mask[0]=11111111011111110111111111111111, sa_flags=SA_RESTART|SA_SIGINFO
SIGFPE: [libjvm.dylib+0x48c9bc], sa_mask[0]=11111111011111110111111111111111, sa_flags=SA_RESTART|SA_SIGINFO
SIGPIPE: [libjvm.dylib+0x48c9bc], sa_mask[0]=11111111011111110111111111111111, sa_flags=SA_RESTART|SA_SIGINFO
SIGXFSZ: [libjvm.dylib+0x48c9bc], sa_mask[0]=11111111011111110111111111111111, sa_flags=SA_RESTART|SA_SIGINFO
SIGILL: [libjvm.dylib+0x48c9bc], sa_mask[0]=11111111011111110111111111111111, sa_flags=SA_RESTART|SA_SIGINFO
SIGUSR1: SIG_DFL, sa_mask[0]=00000000000000000000000000000000, sa_flags=none
SIGUSR2: [libjvm.dylib+0x48c4da], sa_mask[0]=00100000000000000000000000000000, sa_flags=SA_RESTART|SA_SIGINFO
SIGHUP: [libjvm.dylib+0x48aa65], sa_mask[0]=11111111011111110111111111111111, sa_flags=SA_RESTART|SA_SIGINFO
SIGINT: [libjvm.dylib+0x48aa65], sa_mask[0]=11111111011111110111111111111111, sa_flags=SA_RESTART|SA_SIGINFO
SIGTERM: [libjvm.dylib+0x48aa65], sa_mask[0]=11111111011111110111111111111111, sa_flags=SA_RESTART|SA_SIGINFO
SIGQUIT: [libjvm.dylib+0x48aa65], sa_mask[0]=11111111011111110111111111111111, sa_flags=SA_RESTART|SA_SIGINFO


---------------  S Y S T E M  ---------------

OS:Bsduname:Darwin 18.2.0 Darwin Kernel Version 18.2.0: Thu Dec 20 20:46:53 PST 2018; root:xnu-4903.241.1~1/RELEASE_X86_64 x86_64
rlimit: STACK 8192k, CORE 0k, NPROC 709, NOFILE 10240, AS infinity
load average:2.89 2.40 2.04

CPU:total 4 (initial active 4) (2 cores per cpu, 2 threads per core) family 6 model 142 stepping 9, cmov, cx8, fxsr, mmx, sse, sse2, sse3, ssse3, sse4.1, sse4.2, popcnt, avx, avx2, aes, clmul, erms, rtm, 3dnowpref, lzcnt, ht, tsc, tscinvbit, bmi1, bmi2, adx

Memory: 4k page, physical 8388608k(102448k free)

/proc/meminfo:


vm_info: Java HotSpot(TM) 64-Bit Server VM (25.201-b09) for bsd-amd64 JRE (1.8.0_201-b09), built on Dec 15 2018 18:35:23 by "java_re" with gcc 4.2.1 (Based on Apple Inc. build 5658) (LLVM build 2336.11.00)

time: Tue Mar  5 22:22:32 2019
timezone: CET
elapsed time: 16 seconds (0d 0h 0m 16s)

