#
# A fatal error has been detected by the Java Runtime Environment:
#
#  SIGSEGV (0xb) at pc=0x00007fff60437a1d, pid=2233, tid=0x0000000000000307
#
# JRE version: Java(TM) SE Runtime Environment (8.0_201-b09) (build 1.8.0_201-b09)
# Java VM: Java HotSpot(TM) 64-Bit Server VM (25.201-b09 mixed mode bsd-amd64 compressed oops)
# Problematic frame:
# C  [libobjc.A.dylib+0x7a1d]  objc_msgSend+0x1d
#
# Failed to write core dump. Core dumps have been disabled. To enable core dumping, try "ulimit -c unlimited" before starting Java again
#
# If you would like to submit a bug report, please visit:
#   http://bugreport.java.com/bugreport/crash.jsp
# The crash happened outside the Java Virtual Machine in native code.
# See problematic frame for where to report the bug.
#

---------------  T H R E A D  ---------------

Current thread (0x00007fec0306d000):  JavaThread "AWT-AppKit" daemon [_thread_in_native, id=775, stack(0x00007ffee1c1f000,0x00007ffee241f000)]

siginfo: si_signo: 11 (SIGSEGV), si_code: 1 (SEGV_MAPERR), si_addr: 0x0000000000000018

Registers:
RAX=0x00007fec0615a540, RBX=0x0000000197d00450, RCX=0x0000000000000001, RDX=0x0000000000000000
RSP=0x00007ffee241a278, RBP=0x00007ffee241a330, RSI=0x00007fff3240c7eb, RDI=0x00007fec04f87790
R8 =0x00000000c04b0001, R9 =0x00007fec04b00000, R10=0x0000000000000000, R11=0x00007fff3240c7eb
R12=0x0000000000000000, R13=0x000000019c2b2608, R14=0x0000000197d00440, R15=0x00007fec0306d000
RIP=0x00007fff60437a1d, EFLAGS=0x0000000000010246, ERR=0x0000000000000004
  TRAPNO=0x000000000000000e

Top of Stack: (sp=0x00007ffee241a278)
0x00007ffee241a278:   0000000197cfe157 00007ffee241a2d0
0x00007ffee241a288:   0000000000000003 00007ffee241a2b0
0x00007ffee241a298:   000000010e3438f2 000000019c2b2608
0x00007ffee241a2a8:   000000019c2b2608 00007fec0615a540
0x00007ffee241a2b8:   0000000197d006a0 0000000197d00710
0x00007ffee241a2c8:   00007fff8cd07ca8 00007fff8e3fde38
0x00007ffee241a2d8:   0000000197d00450 0000000197d00690
0x00007ffee241a2e8:   00007fec0615a540 00007fec04f87790
0x00007ffee241a2f8:   00007fec02533890 00007fec0615a540
0x00007ffee241a308:   00007fec04f87790 00007ffee241a3b8
0x00007ffee241a318:   00007fec0306d1f8 000000019c2b2608
0x00007ffee241a328:   00007ffee241a3e0 00007ffee241a3a8
0x00007ffee241a338:   00000001109ca667 000000019c2b2608
0x00007ffee241a348:   00007ffee241a3e0 00007ffee241a3a8
0x00007ffee241a358:   00000001109ca3c7 00000001109ca382
0x00007ffee241a368:   00007ffee241a368 000000019c2b2608
0x00007ffee241a378:   00007ffee241a3e0 000000019c2b5240
0x00007ffee241a388:   0000000000000000 000000019c2b2608
0x00007ffee241a398:   0000000000000000 00007ffee241a3c8
0x00007ffee241a3a8:   00007ffee241a428 00000001109ba2bd
0x00007ffee241a3b8:   0000000740971610 00000001109c3d18
0x00007ffee241a3c8:   00007fec0615a540 00007ffee241a428
0x00007ffee241a3d8:   00007fec04f87790 00000001109c5782
0x00007ffee241a3e8:   00007ffee241a3e8 000000019c2b27d2
0x00007ffee241a3f8:   00007ffee241a450 000000019c2b5240
0x00007ffee241a408:   0000000000000000 000000019c2b27e0
0x00007ffee241a418:   00007ffee241a3c8 00007ffee241a438
0x00007ffee241a428:   00007ffee241a498 00000001109ba2bd
0x00007ffee241a438:   00007fec0615a540 0000000740d57d68
0x00007ffee241a448:   00007fec04f87790 0000000740d57d68
0x00007ffee241a458:   00007ffee241a458 000000019ee5fd56
0x00007ffee241a468:   00007ffee241a4a8 000000019ee5fe10 

Instructions: (pc=0x00007fff60437a1d)
0x00007fff604379fd:   0f 1f 00 48 85 ff 2e 74 62 40 f6 c7 01 2e 75 66
0x00007fff60437a0d:   49 ba f8 ff ff ff ff 7f 00 00 4c 23 17 49 89 f3
0x00007fff60437a1d:   45 23 5a 18 49 c1 e3 04 4d 03 5a 10 49 3b 33 75
0x00007fff60437a2d:   04 41 ff 63 08 49 83 3b 01 76 0d 49 83 c3 10 49 

Register to memory mapping:

RAX=0x00007fec0615a540 is an unknown value
RBX=0x0000000197d00450: Java_jogamp_nativewindow_macosx_OSXUtil_GetScreenRefreshRate0+0x1cf0 in /private/var/folders/m0/6y68n2cs1pvccry5h7q2mtgm0000gn/T/jogamp_0000/file_cache/jln7610871073481924527/jln8605803396493233924/libnativewindow_macosx.jnilib at 0x0000000197cf9000
RCX=0x0000000000000001 is an unknown value
RDX=0x0000000000000000 is an unknown value
RSP=0x00007ffee241a278 is pointing into the stack for thread: 0x00007fec0306d000
RBP=0x00007ffee241a330 is pointing into the stack for thread: 0x00007fec0306d000
RSI=0x00007fff3240c7eb: GCC_except_table7+0x9eaf in /System/Library/Frameworks/AppKit.framework/Versions/C/AppKit at 0x00007fff317fd000
RDI=0x00007fec04f87790 is an unknown value
R8 =0x00000000c04b0001 is an unknown value
R9 =0x00007fec04b00000 is an unknown value
R10=0x0000000000000000 is an unknown value
R11=0x00007fff3240c7eb: GCC_except_table7+0x9eaf in /System/Library/Frameworks/AppKit.framework/Versions/C/AppKit at 0x00007fff317fd000
R12=0x0000000000000000 is an unknown value
R13={method} {0x000000019c2b2608} 'UnsetJAWTRootSurfaceLayer0' '(JJ)V' in 'jogamp/nativewindow/jawt/macosx/MacOSXJAWTWindow'
R14=0x0000000197d00440: Java_jogamp_nativewindow_macosx_OSXUtil_GetScreenRefreshRate0+0x1ce0 in /private/var/folders/m0/6y68n2cs1pvccry5h7q2mtgm0000gn/T/jogamp_0000/file_cache/jln7610871073481924527/jln8605803396493233924/libnativewindow_macosx.jnilib at 0x0000000197cf9000
R15=0x00007fec0306d000 is a thread


Stack: [0x00007ffee1c1f000,0x00007ffee241f000],  sp=0x00007ffee241a278,  free space=8172k
Native frames: (J=compiled Java code, j=interpreted, Vv=VM code, C=native code)
C  [libobjc.A.dylib+0x7a1d]  objc_msgSend+0x1d
j  jogamp.nativewindow.jawt.macosx.MacOSXJAWTWindow.UnsetJAWTRootSurfaceLayer0(JJ)V+0
j  jogamp.nativewindow.jawt.macosx.MacOSXJAWTWindow.access$200(JJ)V+2
j  jogamp.nativewindow.jawt.macosx.MacOSXJAWTWindow$1.run()V+38
J 2053 C1 com.jogamp.common.util.RunnableTask.run()V (345 bytes) @ 0x00000001110a5b34 [0x00000001110a59a0+0x194]
v  ~StubRoutines::call_stub
V  [libjvm.dylib+0x2f0bea]  JavaCalls::call_helper(JavaValue*, methodHandle*, JavaCallArguments*, Thread*)+0x6ae
V  [libjvm.dylib+0x327f28]  jni_invoke_nonstatic(JNIEnv_*, JavaValue*, _jobject*, JNICallType, _jmethodID*, JNI_ArgumentPusher*, Thread*)+0x2ec
V  [libjvm.dylib+0x31a70b]  jni_CallVoidMethod+0x16b
C  [libnativewindow_macosx.jnilib+0x5326]  Java_jogamp_nativewindow_jawt_macosx_MacOSXJAWTWindow_UnsetJAWTRootSurfaceLayer0+0x2b6
C  [Foundation+0xb1bab]  __NSThreadPerformPerform+0x147
C  [CoreFoundation+0x58395]  __CFRUNLOOP_IS_CALLING_OUT_TO_A_SOURCE0_PERFORM_FUNCTION__+0x11
C  [CoreFoundation+0x5833b]  __CFRunLoopDoSource0+0x6c
C  [CoreFoundation+0x3be29]  __CFRunLoopDoSources0+0x11b
C  [CoreFoundation+0x3b37a]  __CFRunLoopRun+0x4c3
C  [CoreFoundation+0x3ac64]  CFRunLoopRunSpecific+0x1cf
C  [HIToolbox+0xaab5]  RunCurrentEventLoopInMode+0x125
C  [HIToolbox+0xa6f4]  ReceiveNextEventCommon+0x173
C  [HIToolbox+0xa568]  _BlockUntilNextEventMatchingListInModeWithFilter+0x40
C  [AppKit+0x1b363]  _DPSNextEvent+0x3e5
C  [AppKit+0x1a102]  -[NSApplication(NSEvent) _nextEventMatchingEventMask:untilDate:inMode:dequeue:]+0x552
C  [libosxapp.dylib+0x2328]  -[NSApplicationAWT nextEventMatchingMask:untilDate:inMode:dequeue:]+0x7c
C  [AppKit+0x14165]  -[NSApplication run]+0x2bb
C  [libosxapp.dylib+0x1f72]  +[NSApplicationAWT runAWTLoopWithApp:]+0x9c
C  [libawt_lwawt.dylib+0x4711f]  -[AWTStarter starter:]+0x389
C  [Foundation+0xb1bab]  __NSThreadPerformPerform+0x147
C  [CoreFoundation+0x58395]  __CFRUNLOOP_IS_CALLING_OUT_TO_A_SOURCE0_PERFORM_FUNCTION__+0x11
C  [CoreFoundation+0x5833b]  __CFRunLoopDoSource0+0x6c
C  [CoreFoundation+0x3bdd1]  __CFRunLoopDoSources0+0xc3
C  [CoreFoundation+0x3b37a]  __CFRunLoopRun+0x4c3
C  [CoreFoundation+0x3ac64]  CFRunLoopRunSpecific+0x1cf
C  [java+0x646e]  CreateExecutionEnvironment+0x367
C  [java+0x203c]  JLI_Launch+0x7a0
C  [java+0x84cb]  main+0x65
C  [java+0x1894]  start+0x34
C  0x0000000000000007

Java frames: (J=compiled Java code, j=interpreted, Vv=VM code)
j  jogamp.nativewindow.jawt.macosx.MacOSXJAWTWindow.UnsetJAWTRootSurfaceLayer0(JJ)V+0
j  jogamp.nativewindow.jawt.macosx.MacOSXJAWTWindow.access$200(JJ)V+2
j  jogamp.nativewindow.jawt.macosx.MacOSXJAWTWindow$1.run()V+38
J 2053 C1 com.jogamp.common.util.RunnableTask.run()V (345 bytes) @ 0x00000001110a5b34 [0x00000001110a59a0+0x194]
v  ~StubRoutines::call_stub

---------------  P R O C E S S  ---------------

Java Threads: ( => current thread )
  0x00007fec03197800 JavaThread "Thread-86" [_thread_blocked, id=58899, stack(0x00007000024a3000,0x00007000025a3000)]
  0x00007fec0454d000 JavaThread "Image Fetcher 1" daemon [_thread_blocked, id=71943, stack(0x0000700003253000,0x0000700003353000)]
  0x00007fec03311000 JavaThread "Image Fetcher 0" daemon [_thread_blocked, id=71431, stack(0x0000700003150000,0x0000700003250000)]
  0x00007fec03551800 JavaThread "Keep-Alive-Timer" daemon [_thread_blocked, id=72203, stack(0x000070000304d000,0x000070000314d000)]
  0x00007fec03ad2000 JavaThread "AWT-EventQueue-1" [_thread_blocked, id=75547, stack(0x0000700002bbe000,0x0000700002cbe000)]
  0x00007fec03801800 JavaThread "DestroyJavaVM" [_thread_blocked, id=9987, stack(0x0000700001470000,0x0000700001570000)]
  0x00007fec0424f800 JavaThread "AWT-EventQueue-0" [_thread_blocked, id=77615, stack(0x00007000029b8000,0x0000700002ab8000)]
  0x00007fec028eb000 JavaThread "Java2D Disposer" daemon [_thread_blocked, id=51215, stack(0x000070000272f000,0x000070000282f000)]
  0x00007fec028b1800 JavaThread "Java2D Queue Flusher" daemon [_thread_blocked, id=49423, stack(0x000070000262c000,0x000070000272c000)]
  0x00007fec040a6800 JavaThread "AWT-Shutdown" [_thread_blocked, id=41023, stack(0x000070000231d000,0x000070000241d000)]
=>0x00007fec0306d000 JavaThread "AWT-AppKit" daemon [_thread_in_native, id=775, stack(0x00007ffee1c1f000,0x00007ffee241f000)]
  0x00007fec04023800 JavaThread "Service Thread" daemon [_thread_blocked, id=19203, stack(0x0000700002117000,0x0000700002217000)]
  0x00007fec03023800 JavaThread "C1 CompilerThread2" daemon [_thread_blocked, id=15875, stack(0x0000700002014000,0x0000700002114000)]
  0x00007fec03833800 JavaThread "C2 CompilerThread1" daemon [_thread_blocked, id=15363, stack(0x0000700001f11000,0x0000700002011000)]
  0x00007fec03021000 JavaThread "C2 CompilerThread0" daemon [_thread_blocked, id=14851, stack(0x0000700001e0e000,0x0000700001f0e000)]
  0x00007fec02805800 JavaThread "Signal Dispatcher" daemon [_thread_blocked, id=14339, stack(0x0000700001d0b000,0x0000700001e0b000)]
  0x00007fec0300c000 JavaThread "Finalizer" daemon [_thread_blocked, id=12291, stack(0x0000700001b85000,0x0000700001c85000)]
  0x00007fec03800800 JavaThread "Reference Handler" daemon [_thread_blocked, id=12035, stack(0x0000700001a82000,0x0000700001b82000)]

Other Threads:
  0x00007fec03005800 VMThread [stack: 0x000070000197f000,0x0000700001a7f000] [id=11779]
  0x00007fec03834800 WatcherThread [stack: 0x000070000221a000,0x000070000231a000] [id=18691]

VM state:not at safepoint (normal execution)

VM Mutex/Monitor currently owned by a thread: None

heap address: 0x0000000740000000, size: 2048 MB, Compressed Oops mode: Zero based, Oop shift amount: 3
Narrow klass base: 0x0000000000000000, Narrow klass shift: 3
Compressed class space size: 1073741824 Address: 0x00000007c0000000

Heap:
 PSYoungGen      total 34304K, used 24839K [0x0000000795580000, 0x0000000798c00000, 0x00000007c0000000)
  eden space 29184K, 67% used [0x0000000795580000,0x00000007968d1cf8,0x0000000797200000)
  from space 5120K, 98% used [0x0000000797280000,0x0000000797770130,0x0000000797780000)
  to   space 13312K, 0% used [0x0000000797f00000,0x0000000797f00000,0x0000000798c00000)
 ParOldGen       total 87552K, used 26959K [0x0000000740000000, 0x0000000745580000, 0x0000000795580000)
  object space 87552K, 30% used [0x0000000740000000,0x0000000741a53e20,0x0000000745580000)
 Metaspace       used 19684K, capacity 20107K, committed 20224K, reserved 1067008K
  class space    used 1927K, capacity 2034K, committed 2048K, reserved 1048576K

Card table byte_map: [0x000000010f579000,0x000000010f97a000] byte_map_base: 0x000000010bb79000

Marking Bits: (ParMarkBitMap*) 0x000000010eafbe40
 Begin Bits: [0x000000011f9b2000, 0x00000001219b2000)
 End Bits:   [0x00000001219b2000, 0x00000001239b2000)

Polling page: 0x000000010d850000

CodeCache: size=245760Kb used=7509Kb max_used=8182Kb free=238250Kb
 bounds [0x00000001109b2000, 0x00000001111e2000, 0x000000011f9b2000]
 total_blobs=3114 nmethods=2212 adapters=815
 compilation: enabled

Compilation events (10 events):
Event: 52.506 Thread 0x00007fec03023800 2597       3       sun.java2d.pipe.RenderBuffer::putInt (26 bytes)
Event: 52.506 Thread 0x00007fec03023800 nmethod 2597 0x0000000110fe1390 code [0x0000000110fe1500, 0x0000000110fe1670]
Event: 52.506 Thread 0x00007fec03023800 2599       3       sun.java2d.pipe.RenderBuffer::putFloat (26 bytes)
Event: 52.507 Thread 0x00007fec03023800 nmethod 2599 0x0000000110f31650 code [0x0000000110f317c0, 0x0000000110f31950]
Event: 52.507 Thread 0x00007fec03023800 2598       1       sun.java2d.SurfaceData::isValid (5 bytes)
Event: 52.507 Thread 0x00007fec03023800 nmethod 2598 0x0000000110f094d0 code [0x0000000110f09620, 0x0000000110f09730]
Event: 52.519 Thread 0x00007fec03833800 2600  s    4       sun.misc.URLClassPath::getNextLoader (88 bytes)
Event: 52.524 Thread 0x00007fec03833800 nmethod 2600 0x0000000110f96410 code [0x0000000110f96580, 0x0000000110f96cf8]
Event: 52.535 Thread 0x00007fec03023800 2601       3       java.lang.invoke.LambdaForm::uncustomize (58 bytes)
Event: 52.535 Thread 0x00007fec03023800 nmethod 2601 0x0000000110f31150 code [0x0000000110f312c0, 0x0000000110f31570]

GC Heap History (10 events):
Event: 38.623 GC heap before
{Heap before GC invocations=7 (full 0):
 PSYoungGen      total 44032K, used 37360K [0x0000000795580000, 0x0000000798e00000, 0x00000007c0000000)
  eden space 32256K, 100% used [0x0000000795580000,0x0000000797500000,0x0000000797500000)
  from space 11776K, 43% used [0x0000000798280000,0x000000079877c130,0x0000000798e00000)
  to   space 12800K, 0% used [0x0000000797500000,0x0000000797500000,0x0000000798180000)
 ParOldGen       total 87552K, used 12986K [0x0000000740000000, 0x0000000745580000, 0x0000000795580000)
  object space 87552K, 14% used [0x0000000740000000,0x0000000740caea78,0x0000000745580000)
 Metaspace       used 19329K, capacity 19741K, committed 19968K, reserved 1067008K
  class space    used 1910K, capacity 1999K, committed 2048K, reserved 1048576K
Event: 38.633 GC heap after
Heap after GC invocations=7 (full 0):
 PSYoungGen      total 44544K, used 3200K [0x0000000795580000, 0x0000000798e80000, 0x00000007c0000000)
  eden space 31744K, 0% used [0x0000000795580000,0x0000000795580000,0x0000000797480000)
  from space 12800K, 25% used [0x0000000797500000,0x00000007978200c0,0x0000000798180000)
  to   space 13312K, 0% used [0x0000000798180000,0x0000000798180000,0x0000000798e80000)
 ParOldGen       total 87552K, used 14862K [0x0000000740000000, 0x0000000745580000, 0x0000000795580000)
  object space 87552K, 16% used [0x0000000740000000,0x0000000740e83a80,0x0000000745580000)
 Metaspace       used 19329K, capacity 19741K, committed 19968K, reserved 1067008K
  class space    used 1910K, capacity 1999K, committed 2048K, reserved 1048576K
}
Event: 47.171 GC heap before
{Heap before GC invocations=8 (full 0):
 PSYoungGen      total 44544K, used 34944K [0x0000000795580000, 0x0000000798e80000, 0x00000007c0000000)
  eden space 31744K, 100% used [0x0000000795580000,0x0000000797480000,0x0000000797480000)
  from space 12800K, 25% used [0x0000000797500000,0x00000007978200c0,0x0000000798180000)
  to   space 13312K, 0% used [0x0000000798180000,0x0000000798180000,0x0000000798e80000)
 ParOldGen       total 87552K, used 14862K [0x0000000740000000, 0x0000000745580000, 0x0000000795580000)
  object space 87552K, 16% used [0x0000000740000000,0x0000000740e83a80,0x0000000745580000)
 Metaspace       used 19366K, capacity 19783K, committed 19968K, reserved 1067008K
  class space    used 1914K, capacity 2032K, committed 2048K, reserved 1048576K
Event: 47.174 GC heap after
Heap after GC invocations=8 (full 0):
 PSYoungGen      total 44544K, used 128K [0x0000000795580000, 0x0000000798f00000, 0x00000007c0000000)
  eden space 31232K, 0% used [0x0000000795580000,0x0000000795580000,0x0000000797400000)
  from space 13312K, 0% used [0x0000000798180000,0x00000007981a0000,0x0000000798e80000)
  to   space 13824K, 0% used [0x0000000797400000,0x0000000797400000,0x0000000798180000)
 ParOldGen       total 87552K, used 18006K [0x0000000740000000, 0x0000000745580000, 0x0000000795580000)
  object space 87552K, 20% used [0x0000000740000000,0x0000000741195b40,0x0000000745580000)
 Metaspace       used 19366K, capacity 19783K, committed 19968K, reserved 1067008K
  class space    used 1914K, capacity 2032K, committed 2048K, reserved 1048576K
}
Event: 48.376 GC heap before
{Heap before GC invocations=9 (full 0):
 PSYoungGen      total 44544K, used 31360K [0x0000000795580000, 0x0000000798f00000, 0x00000007c0000000)
  eden space 31232K, 100% used [0x0000000795580000,0x0000000797400000,0x0000000797400000)
  from space 13312K, 0% used [0x0000000798180000,0x00000007981a0000,0x0000000798e80000)
  to   space 13824K, 0% used [0x0000000797400000,0x0000000797400000,0x0000000798180000)
 ParOldGen       total 87552K, used 18006K [0x0000000740000000, 0x0000000745580000, 0x0000000795580000)
  object space 87552K, 20% used [0x0000000740000000,0x0000000741195b40,0x0000000745580000)
 Metaspace       used 19401K, capacity 19847K, committed 19968K, reserved 1067008K
  class space    used 1914K, capacity 2032K, committed 2048K, reserved 1048576K
Event: 48.380 GC heap after
Heap after GC invocations=9 (full 0):
 PSYoungGen      total 36352K, used 5392K [0x0000000795580000, 0x0000000798c80000, 0x00000007c0000000)
  eden space 30720K, 0% used [0x0000000795580000,0x0000000795580000,0x0000000797380000)
  from space 5632K, 95% used [0x0000000797400000,0x0000000797944170,0x0000000797980000)
  to   space 12800K, 0% used [0x0000000798000000,0x0000000798000000,0x0000000798c80000)
 ParOldGen       total 87552K, used 18030K [0x0000000740000000, 0x0000000745580000, 0x0000000795580000)
  object space 87552K, 20% used [0x0000000740000000,0x000000074119bb40,0x0000000745580000)
 Metaspace       used 19401K, capacity 19847K, committed 19968K, reserved 1067008K
  class space    used 1914K, capacity 2032K, committed 2048K, reserved 1048576K
}
Event: 48.904 GC heap before
{Heap before GC invocations=10 (full 0):
 PSYoungGen      total 36352K, used 36112K [0x0000000795580000, 0x0000000798c80000, 0x00000007c0000000)
  eden space 30720K, 100% used [0x0000000795580000,0x0000000797380000,0x0000000797380000)
  from space 5632K, 95% used [0x0000000797400000,0x0000000797944170,0x0000000797980000)
  to   space 12800K, 0% used [0x0000000798000000,0x0000000798000000,0x0000000798c80000)
 ParOldGen       total 87552K, used 18030K [0x0000000740000000, 0x0000000745580000, 0x0000000795580000)
  object space 87552K, 20% used [0x0000000740000000,0x000000074119bb40,0x0000000745580000)
 Metaspace       used 19432K, capacity 19847K, committed 19968K, reserved 1067008K
  class space    used 1914K, capacity 2032K, committed 2048K, reserved 1048576K
Event: 48.907 GC heap after
Heap after GC invocations=10 (full 0):
 PSYoungGen      total 42496K, used 9760K [0x0000000795580000, 0x0000000798e00000, 0x00000007c0000000)
  eden space 29696K, 0% used [0x0000000795580000,0x0000000795580000,0x0000000797280000)
  from space 12800K, 76% used [0x0000000798000000,0x0000000798988290,0x0000000798c80000)
  to   space 13824K, 0% used [0x0000000797280000,0x0000000797280000,0x0000000798000000)
 ParOldGen       total 87552K, used 18070K [0x0000000740000000, 0x0000000745580000, 0x0000000795580000)
  object space 87552K, 20% used [0x0000000740000000,0x00000007411a5b40,0x0000000745580000)
 Metaspace       used 19432K, capacity 19847K, committed 19968K, reserved 1067008K
  class space    used 1914K, capacity 2032K, committed 2048K, reserved 1048576K
}
Event: 51.238 GC heap before
{Heap before GC invocations=11 (full 0):
 PSYoungGen      total 42496K, used 39290K [0x0000000795580000, 0x0000000798e00000, 0x00000007c0000000)
  eden space 29696K, 99% used [0x0000000795580000,0x0000000797256780,0x0000000797280000)
  from space 12800K, 76% used [0x0000000798000000,0x0000000798988290,0x0000000798c80000)
  to   space 13824K, 0% used [0x0000000797280000,0x0000000797280000,0x0000000798000000)
 ParOldGen       total 87552K, used 18326K [0x0000000740000000, 0x0000000745580000, 0x0000000795580000)
  object space 87552K, 20% used [0x0000000740000000,0x00000007411e5b50,0x0000000745580000)
 Metaspace       used 19596K, capacity 19975K, committed 20224K, reserved 1067008K
  class space    used 1914K, capacity 2032K, committed 2048K, reserved 1048576K
Event: 51.243 GC heap after
Heap after GC invocations=11 (full 0):
 PSYoungGen      total 34304K, used 5056K [0x0000000795580000, 0x0000000798c00000, 0x00000007c0000000)
  eden space 29184K, 0% used [0x0000000795580000,0x0000000795580000,0x0000000797200000)
  from space 5120K, 98% used [0x0000000797280000,0x0000000797770130,0x0000000797780000)
  to   space 13312K, 0% used [0x0000000797f00000,0x0000000797f00000,0x0000000798c00000)
 ParOldGen       total 87552K, used 26959K [0x0000000740000000, 0x0000000745580000, 0x0000000795580000)
  object space 87552K, 30% used [0x0000000740000000,0x0000000741a53e20,0x0000000745580000)
 Metaspace       used 19596K, capacity 19975K, committed 20224K, reserved 1067008K
  class space    used 1914K, capacity 2032K, committed 2048K, reserved 1048576K
}

Deoptimization events (10 events):
Event: 47.807 Thread 0x00007fec03ad2000 Uncommon trap: reason=unstable_if action=reinterpret pc=0x000000011108058c method=processing.opengl.PGraphicsOpenGL$Tessellator.setLastTexIndex(II)V @ 15
Event: 47.807 Thread 0x00007fec03ad2000 Uncommon trap: reason=unstable_if action=reinterpret pc=0x000000011113b228 method=de.fhpotsdam.unfolding.mapdisplay.Java2DMapDisplay.draw()V @ 186
Event: 47.889 Thread 0x00007fec03ad2000 Uncommon trap: reason=unstable_if action=reinterpret pc=0x0000000110e0fab8 method=java.text.DigitList.getDataChars(I)[C @ 13
Event: 52.503 Thread 0x00007fec03ad2000 Uncommon trap: reason=unstable_if action=reinterpret pc=0x0000000110ec0568 method=com.jogamp.common.util.VersionNumber.compareTo(Lcom/jogamp/common/util/VersionNumber;)I @ 21
Event: 52.503 Thread 0x00007fec0424f800 Uncommon trap: reason=unstable_if action=reinterpret pc=0x0000000111080118 method=sun.lwawt.LWContainerPeer.cutChildren(Lsun/java2d/pipe/Region;Lsun/lwawt/LWComponentPeer;)Lsun/java2d/pipe/Region; @ 67
Event: 52.503 Thread 0x00007fec0424f800 Uncommon trap: reason=unstable_if action=reinterpret pc=0x00000001111ad38c method=java.lang.Math.round(D)J @ 31
Event: 52.503 Thread 0x00007fec0424f800 Uncommon trap: reason=unstable_if action=reinterpret pc=0x0000000110bd3f6c method=sun.java2d.SunGraphics2D.validateCompClip()V @ 9
Event: 52.505 Thread 0x00007fec0424f800 Uncommon trap: reason=unstable_if action=reinterpret pc=0x0000000111185aa4 method=sun.java2d.pipe.Region.intersectsQuickCheck(Lsun/java2d/pipe/Region;)Z @ 41
Event: 52.517 Thread 0x00007fec02916800 Uncommon trap: reason=unstable_if action=reinterpret pc=0x0000000110e385d4 method=java.util.HashMap.putVal(ILjava/lang/Object;Ljava/lang/Object;ZZ)Ljava/lang/Object; @ 81
Event: 52.532 Thread 0x00007fec03ad2000 Uncommon trap: reason=unstable_if action=reinterpret pc=0x0000000111164ad8 method=java.util.LinkedList$ListItr.<init>(Ljava/util/LinkedList;I)V @ 26

Classes redefined (0 events):
No events

Internal exceptions (10 events):
Event: 0.169 Thread 0x00007fec03801800 Exception <a 'java/lang/NoSuchFieldError': method resolution failed> (0x0000000795797d88) thrown at [/Users/java_re/workspace/8-2-build-macosx-x86_64/jdk8u201/12322/hotspot/src/share/vm/prims/methodHandles.cpp, line 1167]
Event: 0.549 Thread 0x00007fec03801800 Exception <a 'java/io/FileNotFoundException'> (0x0000000795813318) thrown at [/Users/java_re/workspace/8-2-build-macosx-x86_64/jdk8u201/12322/hotspot/src/share/vm/prims/jni.cpp, line 709]
Event: 0.549 Thread 0x00007fec03801800 Exception <a 'java/io/FileNotFoundException'> (0x0000000795813ea0) thrown at [/Users/java_re/workspace/8-2-build-macosx-x86_64/jdk8u201/12322/hotspot/src/share/vm/prims/jni.cpp, line 709]
Event: 0.694 Thread 0x00007fec03801800 Exception <a 'java/io/FileNotFoundException'> (0x000000079593f260) thrown at [/Users/java_re/workspace/8-2-build-macosx-x86_64/jdk8u201/12322/hotspot/src/share/vm/prims/jni.cpp, line 709]
Event: 2.483 Thread 0x00007fec0330c000 Exception <a 'java/lang/UnsatisfiedLinkError': com.jogamp.common.util.JarUtil.fixNativeLibAttribs(Ljava/lang/String;)Z> (0x0000000796ccc398) thrown at [/Users/java_re/workspace/8-2-build-macosx-x86_64/jdk8u201/12322/hotspot/src/share/vm/prims/nativeLookup
Event: 2.780 Thread 0x00007fec0300c000 Exception <a 'java/lang/NullPointerException'> (0x00000007956a2df8) thrown at [/Users/java_re/workspace/8-2-build-macosx-x86_64/jdk8u201/12322/hotspot/src/share/vm/interpreter/linkResolver.cpp, line 1185]
Event: 3.354 Thread 0x00007fec03ad2000 Exception <a 'java/io/FileNotFoundException'> (0x000000079602b650) thrown at [/Users/java_re/workspace/8-2-build-macosx-x86_64/jdk8u201/12322/hotspot/src/share/vm/prims/jni.cpp, line 709]
Event: 3.354 Thread 0x00007fec03ad2000 Exception <a 'java/io/FileNotFoundException'> (0x0000000796031948) thrown at [/Users/java_re/workspace/8-2-build-macosx-x86_64/jdk8u201/12322/hotspot/src/share/vm/prims/jni.cpp, line 709]
Event: 3.356 Thread 0x00007fec03ad2000 Implicit null exception at 0x0000000110b99eb4 to 0x0000000110b9a2ad
Event: 3.444 Thread 0x00007fec03ad2000 Implicit null exception at 0x0000000110d795c6 to 0x0000000110d7980d

Events (10 events):
Event: 52.533 loading class java/awt/event/AWTEventListenerProxy
Event: 52.533 loading class java/awt/event/AWTEventListenerProxy done
Event: 52.533 Executing VM operation: Deoptimize
Event: 52.534 Executing VM operation: Deoptimize done
Event: 52.534 loading class java/awt/Toolkit$ToolkitEventMulticaster
Event: 52.534 loading class java/awt/Toolkit$ToolkitEventMulticaster done
Event: 52.534 Thread 0x00007fec02916800 Thread exited: 0x00007fec02916800
Event: 52.534 loading class java/awt/Window$1DisposeAction
Event: 52.534 loading class java/awt/Window$1DisposeAction done
Event: 52.539 loading class java/util/IdentityHashMap$KeySet


Dynamic libraries:
0x00007fff33a69000 	/System/Library/Frameworks/Cocoa.framework/Versions/A/Cocoa
0x00007fff3fd28000 	/System/Library/Frameworks/Security.framework/Versions/A/Security
0x00007fff32670000 	/System/Library/Frameworks/ApplicationServices.framework/Versions/A/ApplicationServices
0x00007fff61313000 	/usr/lib/libz.1.dylib
0x00007fff5e988000 	/usr/lib/libSystem.B.dylib
0x00007fff60430000 	/usr/lib/libobjc.A.dylib
0x00007fff3428c000 	/System/Library/Frameworks/CoreFoundation.framework/Versions/A/CoreFoundation
0x00007fff36611000 	/System/Library/Frameworks/Foundation.framework/Versions/C/Foundation
0x00007fff317fd000 	/System/Library/Frameworks/AppKit.framework/Versions/C/AppKit
0x00007fff33e00000 	/System/Library/Frameworks/CoreData.framework/Versions/A/CoreData
0x00007fff57b56000 	/System/Library/PrivateFrameworks/RemoteViewServices.framework/Versions/A/RemoteViewServices
0x00007fff5c656000 	/System/Library/PrivateFrameworks/UIFoundation.framework/Versions/A/UIFoundation
0x00007fff5de0e000 	/System/Library/PrivateFrameworks/XCTTargetBootstrap.framework/Versions/A/XCTTargetBootstrap
0x00007fff5265d000 	/System/Library/PrivateFrameworks/IconServices.framework/Versions/A/IconServices
0x00007fff38edb000 	/System/Library/Frameworks/Metal.framework/Versions/A/Metal
0x00007fff4985f000 	/System/Library/PrivateFrameworks/DesktopServicesPriv.framework/Versions/A/DesktopServicesPriv
0x00007fff5f743000 	/usr/lib/libenergytrace.dylib
0x00007fff5a3c7000 	/System/Library/PrivateFrameworks/SkyLight.framework/Versions/A/SkyLight
0x00007fff346db000 	/System/Library/Frameworks/CoreGraphics.framework/Versions/A/CoreGraphics
0x00007fff305b8000 	/System/Library/Frameworks/Accelerate.framework/Versions/A/Accelerate
0x00007fff36d9b000 	/System/Library/Frameworks/IOSurface.framework/Versions/A/IOSurface
0x00007fff496c1000 	/System/Library/PrivateFrameworks/DFRFoundation.framework/Versions/A/DFRFoundation
0x00007fff32b75000 	/System/Library/Frameworks/AudioToolbox.framework/Versions/A/AudioToolbox
0x00007fff32e14000 	/System/Library/Frameworks/AudioUnit.framework/Versions/A/AudioUnit
0x00007fff49758000 	/System/Library/PrivateFrameworks/DataDetectorsCore.framework/Versions/A/DataDetectorsCore
0x00007fff33553000 	/System/Library/Frameworks/Carbon.framework/Versions/A/Frameworks/HIToolbox.framework/Versions/A/HIToolbox
0x00007fff5f89e000 	/usr/lib/libicucore.A.dylib
0x00007fff3f27b000 	/System/Library/Frameworks/QuartzCore.framework/Versions/A/QuartzCore
0x00007fff3393a000 	/System/Library/Frameworks/Carbon.framework/Versions/A/Frameworks/SpeechRecognition.framework/Versions/A/SpeechRecognition
0x00007fff5eaeb000 	/usr/lib/libauto.dylib
0x00007fff61206000 	/usr/lib/libxml2.2.dylib
0x00007fff492c0000 	/System/Library/PrivateFrameworks/CoreUI.framework/Versions/A/CoreUI
0x00007fff33cde000 	/System/Library/Frameworks/CoreAudio.framework/Versions/A/CoreAudio
0x00007fff36443000 	/System/Library/Frameworks/DiskArbitration.framework/Versions/A/DiskArbitration
0x00007fff5fb4e000 	/usr/lib/liblangid.dylib
0x00007fff53b0d000 	/System/Library/PrivateFrameworks/MultitouchSupport.framework/Versions/A/MultitouchSupport
0x00007fff36d06000 	/System/Library/Frameworks/IOKit.framework/Versions/A/IOKit
0x00007fff5e5d6000 	/usr/lib/libDiagnosticMessagesClient.dylib
0x00007fff35549000 	/System/Library/Frameworks/CoreServices.framework/Versions/A/CoreServices
0x00007fff55843000 	/System/Library/PrivateFrameworks/PerformanceAnalysis.framework/Versions/A/PerformanceAnalysis
0x00007fff3e410000 	/System/Library/Frameworks/OpenGL.framework/Versions/A/OpenGL
0x00007fff33a77000 	/System/Library/Frameworks/ColorSync.framework/Versions/A/ColorSync
0x00007fff34d6a000 	/System/Library/Frameworks/CoreImage.framework/Versions/A/CoreImage
0x00007fff35f8c000 	/System/Library/Frameworks/CoreText.framework/Versions/A/CoreText
0x00007fff36dfc000 	/System/Library/Frameworks/ImageIO.framework/Versions/A/ImageIO
0x00007fff458fb000 	/System/Library/PrivateFrameworks/Backup.framework/Versions/A/Backup
0x00007fff5ea3e000 	/usr/lib/libarchive.2.dylib
0x00007fff33178000 	/System/Library/Frameworks/CFNetwork.framework/Versions/A/CFNetwork
0x00007fff404d3000 	/System/Library/Frameworks/SystemConfiguration.framework/Versions/A/SystemConfiguration
0x00007fff5e4ff000 	/usr/lib/libCRFSuite.dylib
0x00007fff5ebe2000 	/usr/lib/libc++.1.dylib
0x00007fff5ec3a000 	/usr/lib/libc++abi.dylib
0x00007fff61396000 	/usr/lib/system/libcache.dylib
0x00007fff6139b000 	/usr/lib/system/libcommonCrypto.dylib
0x00007fff613a6000 	/usr/lib/system/libcompiler_rt.dylib
0x00007fff613ae000 	/usr/lib/system/libcopyfile.dylib
0x00007fff613b8000 	/usr/lib/system/libcorecrypto.dylib
0x00007fff614c3000 	/usr/lib/system/libdispatch.dylib
0x00007fff614fe000 	/usr/lib/system/libdyld.dylib
0x00007fff6152e000 	/usr/lib/system/libkeymgr.dylib
0x00007fff6153c000 	/usr/lib/system/liblaunch.dylib
0x00007fff6153d000 	/usr/lib/system/libmacho.dylib
0x00007fff61543000 	/usr/lib/system/libquarantine.dylib
0x00007fff61546000 	/usr/lib/system/libremovefile.dylib
0x00007fff61548000 	/usr/lib/system/libsystem_asl.dylib
0x00007fff61560000 	/usr/lib/system/libsystem_blocks.dylib
0x00007fff61561000 	/usr/lib/system/libsystem_c.dylib
0x00007fff615ea000 	/usr/lib/system/libsystem_configuration.dylib
0x00007fff615ee000 	/usr/lib/system/libsystem_coreservices.dylib
0x00007fff615f2000 	/usr/lib/system/libsystem_darwin.dylib
0x00007fff615f9000 	/usr/lib/system/libsystem_dnssd.dylib
0x00007fff61600000 	/usr/lib/system/libsystem_info.dylib
0x00007fff61676000 	/usr/lib/system/libsystem_m.dylib
0x00007fff616c2000 	/usr/lib/system/libsystem_malloc.dylib
0x00007fff616e7000 	/usr/lib/system/libsystem_networkextension.dylib
0x00007fff616f3000 	/usr/lib/system/libsystem_notify.dylib
0x00007fff61710000 	/usr/lib/system/libsystem_sandbox.dylib
0x00007fff61714000 	/usr/lib/system/libsystem_secinit.dylib
0x00007fff6164d000 	/usr/lib/system/libsystem_kernel.dylib
0x00007fff616fb000 	/usr/lib/system/libsystem_platform.dylib
0x00007fff61705000 	/usr/lib/system/libsystem_pthread.dylib
0x00007fff61717000 	/usr/lib/system/libsystem_symptoms.dylib
0x00007fff6171f000 	/usr/lib/system/libsystem_trace.dylib
0x00007fff61736000 	/usr/lib/system/libunwind.dylib
0x00007fff6173c000 	/usr/lib/system/libxpc.dylib
0x00007fff5ebc2000 	/usr/lib/libbsm.0.dylib
0x00007fff6152f000 	/usr/lib/system/libkxld.dylib
0x00007fff44ba8000 	/System/Library/PrivateFrameworks/AppleFSCompression.framework/Versions/A/AppleFSCompression
0x00007fff5e847000 	/usr/lib/libOpenScriptingUtil.dylib
0x00007fff5ef25000 	/usr/lib/libcoretls.dylib
0x00007fff5ef3c000 	/usr/lib/libcoretls_cfhelpers.dylib
0x00007fff60bc9000 	/usr/lib/libpam.2.dylib
0x00007fff60d8c000 	/usr/lib/libsqlite3.dylib
0x00007fff611f4000 	/usr/lib/libxar.1.dylib
0x00007fff5ebd3000 	/usr/lib/libbz2.1.0.dylib
0x00007fff5fb50000 	/usr/lib/liblzma.5.dylib
0x00007fff60046000 	/usr/lib/libnetwork.dylib
0x00007fff5ea27000 	/usr/lib/libapple_nghttp2.dylib
0x00007fff60bd0000 	/usr/lib/libpcap.A.dylib
0x00007fff358ed000 	/System/Library/Frameworks/CoreServices.framework/Versions/A/Frameworks/FSEvents.framework/Versions/A/FSEvents
0x00007fff355c9000 	/System/Library/Frameworks/CoreServices.framework/Versions/A/Frameworks/CarbonCore.framework/Versions/A/CarbonCore
0x00007fff35ac2000 	/System/Library/Frameworks/CoreServices.framework/Versions/A/Frameworks/Metadata.framework/Versions/A/Metadata
0x00007fff35b65000 	/System/Library/Frameworks/CoreServices.framework/Versions/A/Frameworks/OSServices.framework/Versions/A/OSServices
0x00007fff35bb1000 	/System/Library/Frameworks/CoreServices.framework/Versions/A/Frameworks/SearchKit.framework/Versions/A/SearchKit
0x00007fff3554a000 	/System/Library/Frameworks/CoreServices.framework/Versions/A/Frameworks/AE.framework/Versions/A/AE
0x00007fff358f6000 	/System/Library/Frameworks/CoreServices.framework/Versions/A/Frameworks/LaunchServices.framework/Versions/A/LaunchServices
0x00007fff358a2000 	/System/Library/Frameworks/CoreServices.framework/Versions/A/Frameworks/DictionaryServices.framework/Versions/A/DictionaryServices
0x00007fff35c20000 	/System/Library/Frameworks/CoreServices.framework/Versions/A/Frameworks/SharedFileList.framework/Versions/A/SharedFileList
0x00007fff3a3a1000 	/System/Library/Frameworks/NetFS.framework/Versions/A/NetFS
0x00007fff53daa000 	/System/Library/PrivateFrameworks/NetAuth.framework/Versions/A/NetAuth
0x00007fff5e242000 	/System/Library/PrivateFrameworks/login.framework/Versions/A/Frameworks/loginsupport.framework/Versions/A/loginsupport
0x00007fff5c24e000 	/System/Library/PrivateFrameworks/TCC.framework/Versions/A/TCC
0x00007fff488c8000 	/System/Library/PrivateFrameworks/CoreNLP.framework/Versions/A/CoreNLP
0x00007fff537fe000 	/System/Library/PrivateFrameworks/MetadataUtilities.framework/Versions/A/MetadataUtilities
0x00007fff5fc31000 	/usr/lib/libmecabra.dylib
0x00007fff32671000 	/System/Library/Frameworks/ApplicationServices.framework/Versions/A/Frameworks/ATS.framework/Versions/A/ATS
0x00007fff329dc000 	/System/Library/Frameworks/ApplicationServices.framework/Versions/A/Frameworks/ColorSyncLegacy.framework/Versions/A/ColorSyncLegacy
0x00007fff32a7d000 	/System/Library/Frameworks/ApplicationServices.framework/Versions/A/Frameworks/HIServices.framework/Versions/A/HIServices
0x00007fff32ad0000 	/System/Library/Frameworks/ApplicationServices.framework/Versions/A/Frameworks/LangAnalysis.framework/Versions/A/LangAnalysis
0x00007fff32adf000 	/System/Library/Frameworks/ApplicationServices.framework/Versions/A/Frameworks/PrintCore.framework/Versions/A/PrintCore
0x00007fff32b2c000 	/System/Library/Frameworks/ApplicationServices.framework/Versions/A/Frameworks/QD.framework/Versions/A/QD
0x00007fff32b68000 	/System/Library/Frameworks/ApplicationServices.framework/Versions/A/Frameworks/SpeechSynthesis.framework/Versions/A/SpeechSynthesis
0x00007fff5ec62000 	/usr/lib/libcompression.dylib
0x00007fff341a2000 	/System/Library/Frameworks/CoreDisplay.framework/Versions/A/CoreDisplay
0x00007fff391a3000 	/System/Library/Frameworks/MetalPerformanceShaders.framework/Versions/A/MetalPerformanceShaders
0x00007fff305d0000 	/System/Library/Frameworks/Accelerate.framework/Versions/A/Frameworks/vImage.framework/Versions/A/vImage
0x00007fff3164c000 	/System/Library/Frameworks/Accelerate.framework/Versions/A/Frameworks/vecLib.framework/Versions/A/vecLib
0x00007fff31596000 	/System/Library/Frameworks/Accelerate.framework/Versions/A/Frameworks/vecLib.framework/Versions/A/libvMisc.dylib
0x00007fff313b1000 	/System/Library/Frameworks/Accelerate.framework/Versions/A/Frameworks/vecLib.framework/Versions/A/libvDSP.dylib
0x00007fff30c71000 	/System/Library/Frameworks/Accelerate.framework/Versions/A/Frameworks/vecLib.framework/Versions/A/libBLAS.dylib
0x00007fff30f5c000 	/System/Library/Frameworks/Accelerate.framework/Versions/A/Frameworks/vecLib.framework/Versions/A/libLAPACK.dylib
0x00007fff31303000 	/System/Library/Frameworks/Accelerate.framework/Versions/A/Frameworks/vecLib.framework/Versions/A/libLinearAlgebra.dylib
0x00007fff3139d000 	/System/Library/Frameworks/Accelerate.framework/Versions/A/Frameworks/vecLib.framework/Versions/A/libSparseBLAS.dylib
0x00007fff31319000 	/System/Library/Frameworks/Accelerate.framework/Versions/A/Frameworks/vecLib.framework/Versions/A/libQuadrature.dylib
0x00007fff30ee9000 	/System/Library/Frameworks/Accelerate.framework/Versions/A/Frameworks/vecLib.framework/Versions/A/libBNNS.dylib
0x00007fff3131f000 	/System/Library/Frameworks/Accelerate.framework/Versions/A/Frameworks/vecLib.framework/Versions/A/libSparse.dylib
0x00007fff4fdef000 	/System/Library/PrivateFrameworks/GPUWrangler.framework/Versions/A/GPUWrangler
0x00007fff52224000 	/System/Library/PrivateFrameworks/IOAccelerator.framework/Versions/A/IOAccelerator
0x00007fff5222f000 	/System/Library/PrivateFrameworks/IOPresentment.framework/Versions/A/IOPresentment
0x00007fff496d1000 	/System/Library/PrivateFrameworks/DSExternalDisplay.framework/Versions/A/DSExternalDisplay
0x00007fff3d855000 	/System/Library/Frameworks/OpenGL.framework/Versions/A/Libraries/libCoreFSCache.dylib
0x00007fff38f8b000 	/System/Library/Frameworks/MetalPerformanceShaders.framework/Frameworks/MPSCore.framework/Versions/A/MPSCore
0x00007fff38fac000 	/System/Library/Frameworks/MetalPerformanceShaders.framework/Frameworks/MPSImage.framework/Versions/A/MPSImage
0x00007fff39054000 	/System/Library/Frameworks/MetalPerformanceShaders.framework/Frameworks/MPSNeuralNetwork.framework/Versions/A/MPSNeuralNetwork
0x00007fff3902b000 	/System/Library/Frameworks/MetalPerformanceShaders.framework/Frameworks/MPSMatrix.framework/Versions/A/MPSMatrix
0x00007fff39187000 	/System/Library/Frameworks/MetalPerformanceShaders.framework/Frameworks/MPSRayIntersector.framework/Versions/A/MPSRayIntersector
0x00007fff53827000 	/System/Library/PrivateFrameworks/MetalTools.framework/Versions/A/MetalTools
0x00007fff442a2000 	/System/Library/PrivateFrameworks/AggregateDictionary.framework/Versions/A/AggregateDictionary
0x00007fff5e827000 	/usr/lib/libMobileGestalt.dylib
0x00007fff360f2000 	/System/Library/Frameworks/CoreVideo.framework/Versions/A/CoreVideo
0x00007fff50c5f000 	/System/Library/PrivateFrameworks/GraphVisualizer.framework/Versions/A/GraphVisualizer
0x00007fff4a9fa000 	/System/Library/PrivateFrameworks/FaceCore.framework/Versions/A/FaceCore
0x00007fff3ce6d000 	/System/Library/Frameworks/OpenCL.framework/Versions/A/OpenCL
0x00007fff5e60e000 	/usr/lib/libFosl_dynamic.dylib
0x00007fff54682000 	/System/Library/PrivateFrameworks/OTSVG.framework/Versions/A/OTSVG
0x00007fff32775000 	/System/Library/Frameworks/ApplicationServices.framework/Versions/A/Frameworks/ATS.framework/Versions/A/Resources/libFontParser.dylib
0x00007fff32895000 	/System/Library/Frameworks/ApplicationServices.framework/Versions/A/Frameworks/ATS.framework/Versions/A/Resources/libFontRegistry.dylib
0x00007fff37086000 	/System/Library/Frameworks/ImageIO.framework/Versions/A/Resources/libJPEG.dylib
0x00007fff373a8000 	/System/Library/Frameworks/ImageIO.framework/Versions/A/Resources/libTIFF.dylib
0x00007fff3737e000 	/System/Library/Frameworks/ImageIO.framework/Versions/A/Resources/libPng.dylib
0x00007fff36f9b000 	/System/Library/Frameworks/ImageIO.framework/Versions/A/Resources/libGIF.dylib
0x00007fff36fa0000 	/System/Library/Frameworks/ImageIO.framework/Versions/A/Resources/libJP2.dylib
0x00007fff373a5000 	/System/Library/Frameworks/ImageIO.framework/Versions/A/Resources/libRadiance.dylib
0x00007fff44d01000 	/System/Library/PrivateFrameworks/AppleJPEG.framework/Versions/A/AppleJPEG
0x00007fff3d860000 	/System/Library/Frameworks/OpenGL.framework/Versions/A/Libraries/libGFXShared.dylib
0x00007fff3da23000 	/System/Library/Frameworks/OpenGL.framework/Versions/A/Libraries/libGLU.dylib
0x00007fff3d869000 	/System/Library/Frameworks/OpenGL.framework/Versions/A/Libraries/libGL.dylib
0x00007fff3d875000 	/System/Library/Frameworks/OpenGL.framework/Versions/A/Libraries/libGLImage.dylib
0x00007fff3d852000 	/System/Library/Frameworks/OpenGL.framework/Versions/A/Libraries/libCVMSPluginSupport.dylib
0x00007fff3d85b000 	/System/Library/Frameworks/OpenGL.framework/Versions/A/Libraries/libCoreVMClient.dylib
0x00007fff5f5b4000 	/usr/lib/libcups.2.dylib
0x00007fff384a0000 	/System/Library/Frameworks/Kerberos.framework/Versions/A/Kerberos
0x00007fff36a50000 	/System/Library/Frameworks/GSS.framework/Versions/A/GSS
0x00007fff60d20000 	/usr/lib/libresolv.9.dylib
0x00007fff5f7ac000 	/usr/lib/libiconv.2.dylib
0x00007fff50dbf000 	/System/Library/PrivateFrameworks/Heimdal.framework/Versions/A/Heimdal
0x00007fff5f77b000 	/usr/lib/libheimdal-asn1.dylib
0x00007fff3cee3000 	/System/Library/Frameworks/OpenDirectory.framework/Versions/A/OpenDirectory
0x00007fff475c4000 	/System/Library/PrivateFrameworks/CommonAuth.framework/Versions/A/CommonAuth
0x00007fff3cec6000 	/System/Library/Frameworks/OpenDirectory.framework/Versions/A/Frameworks/CFOpenDirectory.framework/Versions/A/CFOpenDirectory
0x00007fff40051000 	/System/Library/Frameworks/SecurityFoundation.framework/Versions/A/SecurityFoundation
0x00007fff437b1000 	/System/Library/PrivateFrameworks/APFS.framework/Versions/A/APFS
0x00007fff611f0000 	/usr/lib/libutil.dylib
0x00007fff5ec50000 	/usr/lib/libcharset.1.dylib
0x00007fff44f9d000 	/System/Library/PrivateFrameworks/AppleSauce.framework/Versions/A/AppleSauce
0x00007fff4512b000 	/System/Library/PrivateFrameworks/AssertionServices.framework/Versions/A/AssertionServices
0x00007fff4599e000 	/System/Library/PrivateFrameworks/BaseBoard.framework/Versions/A/BaseBoard
0x00007fff5fb80000 	/usr/lib/libmecab.1.0.0.dylib
0x00007fff5f775000 	/usr/lib/libgermantok.dylib
0x00007fff5ea13000 	/usr/lib/libThaiTokenizer.dylib
0x00007fff5e53a000 	/usr/lib/libChineseTokenizer.dylib
0x00007fff5295b000 	/System/Library/PrivateFrameworks/LanguageModeling.framework/Versions/A/LanguageModeling
0x00007fff482de000 	/System/Library/PrivateFrameworks/CoreEmoji.framework/Versions/A/CoreEmoji
0x00007fff52a53000 	/System/Library/PrivateFrameworks/Lexicon.framework/Versions/A/Lexicon
0x00007fff52a9b000 	/System/Library/PrivateFrameworks/LinguisticData.framework/Versions/A/LinguisticData
0x00007fff5ec51000 	/usr/lib/libcmph.dylib
0x00007fff40112000 	/System/Library/Frameworks/ServiceManagement.framework/Versions/A/ServiceManagement
0x00007fff458f1000 	/System/Library/PrivateFrameworks/BackgroundTaskManagement.framework/Versions/A/BackgroundTaskManagement
0x00007fff612ea000 	/usr/lib/libxslt.1.dylib
0x00007fff33865000 	/System/Library/Frameworks/Carbon.framework/Versions/A/Frameworks/Ink.framework/Versions/A/Ink
0x00007fff5c4ce000 	/System/Library/PrivateFrameworks/TextureIO.framework/Versions/A/TextureIO
0x00007fff5ea68000 	/usr/lib/libate.dylib
0x00007fff4962d000 	/System/Library/PrivateFrameworks/CrashReporterSupport.framework/Versions/A/CrashReporterSupport
0x00007fff594ef000 	/System/Library/PrivateFrameworks/Sharing.framework/Versions/A/Sharing
0x00007fff4547d000 	/System/Library/PrivateFrameworks/AuthKit.framework/Versions/A/AuthKit
0x00007fff448a0000 	/System/Library/PrivateFrameworks/Apple80211.framework/Versions/A/Apple80211
0x00007fff493ed000 	/System/Library/PrivateFrameworks/CoreUtils.framework/Versions/A/CoreUtils
0x00007fff36130000 	/System/Library/Frameworks/CoreWLAN.framework/Versions/A/CoreWLAN
0x00007fff36b9a000 	/System/Library/Frameworks/IOBluetooth.framework/Versions/A/IOBluetooth
0x00007fff57811000 	/System/Library/PrivateFrameworks/ProtocolBuffer.framework/Versions/A/ProtocolBuffer
0x00007fff53a64000 	/System/Library/PrivateFrameworks/MobileKeyBag.framework/Versions/A/MobileKeyBag
0x00007fff48c05000 	/System/Library/PrivateFrameworks/CorePhoneNumbers.framework/Versions/A/CorePhoneNumbers
0x00007fff44cb5000 	/System/Library/PrivateFrameworks/AppleIDAuthSupport.framework/Versions/A/AppleIDAuthSupport
0x00007fff5292c000 	/System/Library/PrivateFrameworks/KeychainCircle.framework/Versions/A/KeychainCircle
0x00007fff579de000 	/System/Library/PrivateFrameworks/ROCKit.framework/Versions/A/ROCKit
0x00007fff495c9000 	/System/Library/PrivateFrameworks/CoreWiFi.framework/Versions/A/CoreWiFi
0x00007fff33dd4000 	/System/Library/Frameworks/CoreBluetooth.framework/Versions/A/CoreBluetooth
0x00007fff4981d000 	/System/Library/PrivateFrameworks/DebugSymbols.framework/Versions/A/DebugSymbols
0x00007fff491a2000 	/System/Library/PrivateFrameworks/CoreSymbolication.framework/Versions/A/CoreSymbolication
0x00007fff5bcb8000 	/System/Library/PrivateFrameworks/Symbolication.framework/Versions/A/Symbolication
0x00007fff5ae4a000 	/System/Library/PrivateFrameworks/SpeechRecognitionCore.framework/Versions/A/SpeechRecognitionCore
0x000000010e200000 	/Library/Java/JavaVirtualMachines/jdk1.8.0_201.jdk/Contents/Home/jre/lib/server/libjvm.dylib
0x00007fff610b4000 	/usr/lib/libstdc++.6.dylib
0x000000010d80c000 	/Library/Java/JavaVirtualMachines/jdk1.8.0_201.jdk/Contents/Home/jre/lib/libverify.dylib
0x000000010d81a000 	/Library/Java/JavaVirtualMachines/jdk1.8.0_201.jdk/Contents/Home/jre/lib/libjava.dylib
0x000000010d89a000 	/Library/Java/JavaVirtualMachines/jdk1.8.0_201.jdk/Contents/Home/jre/lib/libzip.dylib
0x0000000124ad8000 	/Library/Java/JavaVirtualMachines/jdk1.8.0_201.jdk/Contents/Home/jre/lib/libawt.dylib
0x0000000124b81000 	/Library/Java/JavaVirtualMachines/jdk1.8.0_201.jdk/Contents/Home/jre/lib/./libmlib_image.dylib
0x00007fff38489000 	/System/Library/Frameworks/JavaVM.framework/Versions/A/Frameworks/JavaNativeFoundation.framework/Versions/A/JavaNativeFoundation
0x00007fff38492000 	/System/Library/Frameworks/JavaVM.framework/Versions/A/Frameworks/JavaRuntimeSupport.framework/Versions/A/JavaRuntimeSupport
0x00007fff3849b000 	/System/Library/Frameworks/JavaVM.framework/Versions/A/JavaVM
0x00007fff52843000 	/System/Library/PrivateFrameworks/JavaLaunching.framework/Versions/A/JavaLaunching
0x00007fff3354e000 	/System/Library/Frameworks/Carbon.framework/Versions/A/Carbon
0x00007fff3354f000 	/System/Library/Frameworks/Carbon.framework/Versions/A/Frameworks/CommonPanels.framework/Versions/A/CommonPanels
0x00007fff3385b000 	/System/Library/Frameworks/Carbon.framework/Versions/A/Frameworks/Help.framework/Versions/A/Help
0x00007fff3385f000 	/System/Library/Frameworks/Carbon.framework/Versions/A/Frameworks/ImageCapture.framework/Versions/A/ImageCapture
0x00007fff338fa000 	/System/Library/Frameworks/Carbon.framework/Versions/A/Frameworks/OpenScripting.framework/Versions/A/OpenScripting
0x00007fff33935000 	/System/Library/Frameworks/Carbon.framework/Versions/A/Frameworks/Print.framework/Versions/A/Print
0x00007fff33937000 	/System/Library/Frameworks/Carbon.framework/Versions/A/Frameworks/SecurityHI.framework/Versions/A/SecurityHI
0x0000000124c4d000 	/Library/Java/JavaVirtualMachines/jdk1.8.0_201.jdk/Contents/Home/jre/lib/libawt_lwawt.dylib
0x0000000124d07000 	/Library/Java/JavaVirtualMachines/jdk1.8.0_201.jdk/Contents/Home/jre/lib/./libosxapp.dylib
0x00007fff365e9000 	/System/Library/Frameworks/ExceptionHandling.framework/Versions/A/ExceptionHandling
0x00007fff48d9c000 	/System/Library/PrivateFrameworks/CoreServicesInternal.framework/Versions/A/CoreServicesInternal
0x00007fff2a121000 	/System/Library/CoreServices/RawCamera.bundle/Contents/MacOS/RawCamera
0x00007fff538ce000 	/System/Library/PrivateFrameworks/MobileAsset.framework/Versions/A/MobileAsset
0x00007fff5b53c000 	/System/Library/PrivateFrameworks/StreamingZip.framework/Versions/A/StreamingZip
0x00007fff3883b000 	/System/Library/Frameworks/MediaToolbox.framework/Versions/A/MediaToolbox
0x00007fff47e63000 	/System/Library/PrivateFrameworks/CoreAVCHD.framework/Versions/A/CoreAVCHD
0x00007fff38777000 	/System/Library/Frameworks/MediaAccessibility.framework/Versions/A/MediaAccessibility
0x00007fff53300000 	/System/Library/PrivateFrameworks/Mangrove.framework/Versions/A/Mangrove
0x00007fff353e4000 	/System/Library/Frameworks/CoreMedia.framework/Versions/A/CoreMedia
0x00007fff407a4000 	/System/Library/Frameworks/VideoToolbox.framework/Versions/A/VideoToolbox
0x00007fff47a8b000 	/System/Library/PrivateFrameworks/CoreAUC.framework/Versions/A/CoreAUC
0x00007fff60d8a000 	/usr/lib/libspindump.dylib
0x00007fff45090000 	/System/Library/PrivateFrameworks/AppleVA.framework/Versions/A/AppleVA
0x00007fff305b9000 	/System/Library/Frameworks/Accelerate.framework/Versions/A/Frameworks/vImage.framework/Versions/A/Libraries/libCGInterfaces.dylib
0x00007fff3293f000 	/System/Library/Frameworks/ApplicationServices.framework/Versions/A/Frameworks/ATS.framework/Versions/A/Resources/libTrueTypeScaler.dylib
0x00007fff2d868000 	/System/Library/Extensions/AppleIntelKBLGraphicsMTLDriver.bundle/Contents/MacOS/AppleIntelKBLGraphicsMTLDriver
0x00007fff4e744000 	/System/Library/PrivateFrameworks/GPUCompiler.framework/Versions/3902/Libraries/libmetal_timestamp.dylib
0x00007fff4ae2c000 	/System/Library/PrivateFrameworks/FamilyControls.framework/Versions/A/FamilyControls
0x00007fff475b7000 	/System/Library/PrivateFrameworks/CommerceKit.framework/Versions/A/Frameworks/CommerceCore.framework/Versions/A/CommerceCore
0x00007fff5bfa1000 	/System/Library/PrivateFrameworks/SystemAdministration.framework/Versions/A/SystemAdministration
0x00007fff4479a000 	/System/Library/PrivateFrameworks/AppContainer.framework/Versions/A/AppContainer
0x00007fff447b7000 	/System/Library/PrivateFrameworks/AppSandbox.framework/Versions/A/AppSandbox
0x00007fff59387000 	/System/Library/PrivateFrameworks/SecCodeWrapper.framework/Versions/A/SecCodeWrapper
0x00007fff60d3a000 	/usr/lib/libsandbox.1.dylib
0x00007fff5e7f2000 	/usr/lib/libMatch.1.dylib
0x00007fff49bbd000 	/System/Library/PrivateFrameworks/DiskManagement.framework/Versions/A/DiskManagement
0x00007fff36356000 	/System/Library/Frameworks/DirectoryService.framework/Versions/A/DirectoryService
0x00007fff49aea000 	/System/Library/PrivateFrameworks/DiskImages.framework/Versions/A/DiskImages
0x00007fff52b9a000 	/System/Library/PrivateFrameworks/LoginUIKit.framework/Versions/A/Frameworks/LoginUICore.framework/Versions/A/LoginUICore
0x00007fff5e546000 	/usr/lib/libCoreStorage.dylib
0x00007fff5f5a0000 	/usr/lib/libcsfde.dylib
0x00007fff60bb7000 	/usr/lib/libodfde.dylib
0x00007fff53421000 	/System/Library/PrivateFrameworks/MediaKit.framework/Versions/A/MediaKit
0x00007fff36362000 	/System/Library/Frameworks/DiscRecording.framework/Versions/A/DiscRecording
0x00007fff49d2a000 	/System/Library/PrivateFrameworks/EFILogin.framework/Versions/A/EFILogin
0x00007fff577b9000 	/System/Library/PrivateFrameworks/ProtectedCloudStorage.framework/Versions/A/ProtectedCloudStorage
0x00007fff5f635000 	/usr/lib/libcurl.4.dylib
0x00007fff5f407000 	/usr/lib/libcrypto.42.dylib
0x00007fff61066000 	/usr/lib/libssl.44.dylib
0x00007fff384ba000 	/System/Library/Frameworks/LDAP.framework/Versions/A/LDAP
0x00007fff5c64f000 	/System/Library/PrivateFrameworks/TrustEvaluationAgent.framework/Versions/A/TrustEvaluationAgent
0x00007fff60d77000 	/usr/lib/libsasl2.2.dylib
0x00007fff480c2000 	/System/Library/PrivateFrameworks/CoreDaemon.framework/Versions/B/CoreDaemon
0x00007fff44f98000 	/System/Library/PrivateFrameworks/AppleSRP.framework/Versions/A/AppleSRP
0x00007fff5d4ff000 	/System/Library/PrivateFrameworks/ViewBridge.framework/Versions/A/ViewBridge
0x00007fff3e420000 	/System/Library/Frameworks/OpenGL.framework/Versions/A/Resources/GLEngine.bundle/GLEngine
0x00007fff3d8b0000 	/System/Library/Frameworks/OpenGL.framework/Versions/A/Libraries/libGLProgrammability.dylib
0x00007fff2ca87000 	/System/Library/Extensions/AppleIntelKBLGraphicsGLDriver.bundle/Contents/MacOS/AppleIntelKBLGraphicsGLDriver
0x00007fff4fde3000 	/System/Library/PrivateFrameworks/GPUSupport.framework/Versions/A/Libraries/libGPUSupportMercury.dylib
0x00007fff3e5b7000 	/System/Library/Frameworks/OpenGL.framework/Versions/A/Resources/GLRendererFloat.bundle/GLRendererFloat
0x00007fff3ce64000 	/System/Library/Frameworks/OpenCL.framework/Versions/A/Libraries/libcldcpuengine.dylib
0x00007fff5f0dc000 	/usr/lib/libcrypto.35.dylib
0x0000000129e1a000 	/Library/Java/JavaVirtualMachines/jdk1.8.0_201.jdk/Contents/Home/jre/lib/libfontmanager.dylib
0x0000000129ec9000 	/usr/lib/libobjc-trampolines.dylib
0x000000012b6a9000 	/Library/Java/JavaVirtualMachines/jdk1.8.0_201.jdk/Contents/Home/jre/lib/libosxui.dylib
0x000000012c3a9000 	/Library/Java/JavaVirtualMachines/jdk1.8.0_201.jdk/Contents/Home/jre/lib/libnet.dylib
0x000000012c1b7000 	/Library/Java/JavaVirtualMachines/jdk1.8.0_201.jdk/Contents/Home/jre/lib/libnio.dylib
0x000000012b190000 	/private/var/folders/m0/6y68n2cs1pvccry5h7q2mtgm0000gn/T/jogamp_0000/file_cache/jln7610871073481924527/jln8605803396493233924/libgluegen-rt.jnilib
0x000000012b3df000 	/private/var/folders/m0/6y68n2cs1pvccry5h7q2mtgm0000gn/T/jogamp_0000/file_cache/jln7610871073481924527/jln8605803396493233924/libnativewindow_awt.jnilib
0x0000000197cf6000 	/Library/Java/JavaVirtualMachines/jdk1.8.0_201.jdk/Contents/Home/jre/lib/libjawt.dylib
0x0000000197cf9000 	/private/var/folders/m0/6y68n2cs1pvccry5h7q2mtgm0000gn/T/jogamp_0000/file_cache/jln7610871073481924527/jln8605803396493233924/libnativewindow_macosx.jnilib
0x0000000198227000 	/private/var/folders/m0/6y68n2cs1pvccry5h7q2mtgm0000gn/T/jogamp_0000/file_cache/jln7610871073481924527/jln8605803396493233924/libjogl_desktop.jnilib
0x000000019fcd7000 	/Library/Java/JavaVirtualMachines/jdk1.8.0_201.jdk/Contents/Home/jre/lib/libjpeg.dylib

VM Arguments:
jvm_args: -Djava.security.policy=java.policy.applet -Dfile.encoding=UTF-8 
java_command: sun.applet.AppletViewer module1.HelloWorld1551820854830.html
java_class_path (initial): /Users/christian/eclipse-workspace/UCSDUnfoldingMaps/build:/Users/christian/eclipse-workspace/UCSDUnfoldingMaps/lib/core.jar:/Users/christian/eclipse-workspace/UCSDUnfoldingMaps/lib/gluegen-rt.jar:/Users/christian/eclipse-workspace/UCSDUnfoldingMaps/lib/jogl-all.jar:/Users/christian/eclipse-workspace/UCSDUnfoldingMaps/lib/log4j-1.2.15.jar:/Users/christian/eclipse-workspace/UCSDUnfoldingMaps/lib/sqlite-jdbc-3.7.2.jar:/Users/christian/eclipse-workspace/UCSDUnfoldingMaps/lib/json4processing.jar:/Users/christian/eclipse-workspace/UCSDUnfoldingMaps/lib/libTUIO.jar:/Users/christian/eclipse-workspace/UCSDUnfoldingMaps/lib/unfolding.0.9.7-uscd.jar
Launcher Type: SUN_STANDARD

Environment Variables:
PATH=/usr/bin:/bin:/usr/sbin:/sbin
SHELL=/bin/bash

Signal Handlers:
SIGSEGV: [libjvm.dylib+0x5b723d], sa_mask[0]=11111111011111110111111111111111, sa_flags=SA_ONSTACK|SA_RESTART|SA_SIGINFO
SIGBUS: [libjvm.dylib+0x5b723d], sa_mask[0]=11111111011111110111111111111111, sa_flags=SA_RESTART|SA_SIGINFO
SIGFPE: [libjvm.dylib+0x48c9bc], sa_mask[0]=11111111011111110111111111111111, sa_flags=SA_RESTART|SA_SIGINFO
SIGPIPE: [libjvm.dylib+0x48c9bc], sa_mask[0]=11111111011111110111111111111111, sa_flags=SA_RESTART|SA_SIGINFO
SIGXFSZ: [libjvm.dylib+0x48c9bc], sa_mask[0]=11111111011111110111111111111111, sa_flags=SA_RESTART|SA_SIGINFO
SIGILL: [libjvm.dylib+0x48c9bc], sa_mask[0]=11111111011111110111111111111111, sa_flags=SA_RESTART|SA_SIGINFO
SIGUSR1: SIG_DFL, sa_mask[0]=00000000000000000000000000000000, sa_flags=none
SIGUSR2: [libjvm.dylib+0x48c4da], sa_mask[0]=00100000000000000000000000000000, sa_flags=SA_RESTART|SA_SIGINFO
SIGHUP: [libjvm.dylib+0x48aa65], sa_mask[0]=11111111011111110111111111111111, sa_flags=SA_RESTART|SA_SIGINFO
SIGINT: [libjvm.dylib+0x48aa65], sa_mask[0]=11111111011111110111111111111111, sa_flags=SA_RESTART|SA_SIGINFO
SIGTERM: [libjvm.dylib+0x48aa65], sa_mask[0]=11111111011111110111111111111111, sa_flags=SA_RESTART|SA_SIGINFO
SIGQUIT: [libjvm.dylib+0x48aa65], sa_mask[0]=11111111011111110111111111111111, sa_flags=SA_RESTART|SA_SIGINFO


---------------  S Y S T E M  ---------------

OS:Bsduname:Darwin 18.2.0 Darwin Kernel Version 18.2.0: Thu Dec 20 20:46:53 PST 2018; root:xnu-4903.241.1~1/RELEASE_X86_64 x86_64
rlimit: STACK 8192k, CORE 0k, NPROC 709, NOFILE 10240, AS infinity
load average:2.88 2.33 2.00

CPU:total 4 (initial active 4) (2 cores per cpu, 2 threads per core) family 6 model 142 stepping 9, cmov, cx8, fxsr, mmx, sse, sse2, sse3, ssse3, sse4.1, sse4.2, popcnt, avx, avx2, aes, clmul, erms, rtm, 3dnowpref, lzcnt, ht, tsc, tscinvbit, bmi1, bmi2, adx

Memory: 4k page, physical 8388608k(336956k free)

/proc/meminfo:


vm_info: Java HotSpot(TM) 64-Bit Server VM (25.201-b09) for bsd-amd64 JRE (1.8.0_201-b09), built on Dec 15 2018 18:35:23 by "java_re" with gcc 4.2.1 (Based on Apple Inc. build 5658) (LLVM build 2336.11.00)

time: Tue Mar  5 22:21:47 2019
timezone: CET
elapsed time: 52 seconds (0d 0h 0m 52s)

